#
# There is insufficient memory for the Java Runtime Environment to continue.
# Native memory allocation (malloc) failed to allocate 601776 bytes for Chunk::new
# Possible reasons:
#   The system is out of physical RAM or swap space
#   In 32 bit mode, the process size limit was hit
# Possible solutions:
#   Reduce memory load on the system
#   Increase physical memory or swap space
#   Check if swap backing store is full
#   Use 64 bit Java on a 64 bit OS
#   Decrease Java heap size (-Xmx/-Xms)
#   Decrease number of Java threads
#   Decrease Java thread stack sizes (-Xss)
#   Set larger code cache with -XX:ReservedCodeCacheSize=
# This output file may be truncated or incomplete.
#
#  Out of Memory Error (allocation.cpp:390), pid=12104, tid=0x0000000000002f30
#
# JRE version: Java(TM) SE Runtime Environment (8.0_144-b01) (build 1.8.0_144-b01)
# Java VM: Java HotSpot(TM) 64-Bit Server VM (25.144-b01 mixed mode windows-amd64 compressed oops)
# Failed to write core dump. Minidumps are not enabled by default on client versions of Windows
#

---------------  T H R E A D  ---------------

Current thread (0x000000001a9f1000):  JavaThread "C2 CompilerThread1" daemon [_thread_in_native, id=12080, stack(0x000000001ad20000,0x000000001ae20000)]

Stack: [0x000000001ad20000,0x000000001ae20000]
[error occurred during error reporting (printing stack bounds), id 0xc0000005]

Native frames: (J=compiled Java code, j=interpreted, Vv=VM code, C=native code)


Current CompileTask:
C2:   6803 3571   !   4       java.net.URL::<init> (543 bytes)


---------------  P R O C E S S  ---------------

Java Threads: ( => current thread )
  0x000000001ab1e000 JavaThread "Tomcat JDBC Pool Cleaner[414493378:1521910186458]" daemon [_thread_blocked, id=1880, stack(0x0000000021a30000,0x0000000021b30000)]
  0x000000001f2eb800 JavaThread "container-0" [_thread_blocked, id=1180, stack(0x0000000021930000,0x0000000021a30000)]
  0x000000001f9a8000 JavaThread "ContainerBackgroundProcessor[StandardEngine[Tomcat]]" daemon [_thread_blocked, id=11852, stack(0x0000000021830000,0x0000000021930000)]
  0x000000001df81000 JavaThread "localhost-startStop-1" daemon [_thread_blocked, id=5236, stack(0x000000001ee80000,0x000000001ef80000)]
  0x000000001f0db800 JavaThread "Tomcat-startStop-1" daemon [_thread_blocked, id=1384, stack(0x000000001e750000,0x000000001e850000)]
  0x000000001aa64800 JavaThread "Service Thread" daemon [_thread_blocked, id=224, stack(0x000000001af20000,0x000000001b020000)]
  0x000000001a9fc800 JavaThread "C1 CompilerThread2" daemon [_thread_blocked, id=316, stack(0x000000001ae20000,0x000000001af20000)]
=>0x000000001a9f1000 JavaThread "C2 CompilerThread1" daemon [_thread_in_native, id=12080, stack(0x000000001ad20000,0x000000001ae20000)]
  0x000000001a9ec000 JavaThread "C2 CompilerThread0" daemon [_thread_blocked, id=5280, stack(0x000000001ac20000,0x000000001ad20000)]
  0x000000001a9a0000 JavaThread "Monitor Ctrl-Break" daemon [_thread_in_native, id=6828, stack(0x000000001ab20000,0x000000001ac20000)]
  0x00000000190da000 JavaThread "Attach Listener" daemon [_thread_blocked, id=12112, stack(0x000000001a620000,0x000000001a720000)]
  0x00000000190d8800 JavaThread "Signal Dispatcher" daemon [_thread_blocked, id=3052, stack(0x000000001a520000,0x000000001a620000)]
  0x00000000190be800 JavaThread "Finalizer" daemon [_thread_blocked, id=3708, stack(0x000000001a320000,0x000000001a420000)]
  0x0000000004595000 JavaThread "Reference Handler" daemon [_thread_blocked, id=10280, stack(0x000000001a220000,0x000000001a320000)]
  0x00000000044a5000 JavaThread "main" [_thread_in_vm, id=10808, stack(0x0000000004270000,0x0000000004370000)]

Other Threads:
  0x0000000019096800 VMThread [stack: 0x000000001a120000,0x000000001a220000] [id=6012]
  0x000000001ab05800 WatcherThread [stack: 0x000000001b020000,0x000000001b120000] [id=10056]

VM state:not at safepoint (normal execution)

VM Mutex/Monitor currently owned by a thread: None

Heap:
 PSYoungGen      total 177664K, used 34238K [0x00000000d5f00000, 0x00000000e4000000, 0x0000000100000000)
  eden space 166400K, 20% used [0x00000000d5f00000,0x00000000d806f880,0x00000000e0180000)
  from space 11264K, 0% used [0x00000000e0f80000,0x00000000e0f80000,0x00000000e1a80000)
  to   space 14336K, 0% used [0x00000000e0180000,0x00000000e0180000,0x00000000e0f80000)
 ParOldGen       total 55808K, used 22315K [0x0000000081c00000, 0x0000000085280000, 0x00000000d5f00000)
  object space 55808K, 39% used [0x0000000081c00000,0x00000000831cad30,0x0000000085280000)
 Metaspace       used 37764K, capacity 38134K, committed 38656K, reserved 1083392K
  class space    used 4887K, capacity 4996K, committed 5120K, reserved 1048576K

Card table byte_map: [0x0000000013960000,0x0000000013d60000] byte_map_base: 0x0000000013552000

Marking Bits: (ParMarkBitMap*) 0x000000005944d850
 Begin Bits: [0x0000000014410000, 0x00000000163a0000)
 End Bits:   [0x00000000163a0000, 0x0000000018330000)

Polling page: 0x00000000026e0000

CodeCache: size=245760Kb used=11639Kb max_used=11643Kb free=234120Kb
 bounds [0x00000000045a0000, 0x0000000005150000, 0x00000000135a0000]
 total_blobs=3627 nmethods=3178 adapters=361
 compilation: enabled

Compilation events (10 events):
Event: 6.787 Thread 0x000000001a9fc800 nmethod 3604 0x0000000004c1cb10 code [0x0000000004c1cc60, 0x0000000004c1cd50]
Event: 6.787 Thread 0x000000001a9fc800 3605       3       org.hibernate.annotations.common.reflection.java.JavaReflectionManager$MemberKey::<init> (7 bytes)
Event: 6.787 Thread 0x000000001a9ec000 nmethod 3600 0x0000000004d52350 code [0x0000000004d524a0, 0x0000000004d527d8]
Event: 6.787 Thread 0x000000001a9ec000 3602       4       java.util.LinkedList::linkLast (59 bytes)
Event: 6.787 Thread 0x000000001a9fc800 nmethod 3605 0x0000000004c1e150 code [0x0000000004c1e300, 0x0000000004c1e898]
Event: 6.788 Thread 0x000000001a9fc800 3606       3       org.hibernate.annotations.common.reflection.java.JavaReflectionManager::getXMethod (54 bytes)
Event: 6.788 Thread 0x000000001a9ec000 nmethod 3602 0x0000000004d52010 code [0x0000000004d52160, 0x0000000004d52298]
Event: 6.789 Thread 0x000000001a9fc800 nmethod 3606 0x00000000049b9dd0 code [0x00000000049b9fe0, 0x00000000049baac8]
Event: 6.789 Thread 0x000000001a9fc800 3607       3       java.lang.Class::isAnnotationPresent (6 bytes)
Event: 6.790 Thread 0x000000001a9fc800 nmethod 3607 0x0000000004c1d6d0 code [0x0000000004c1d880, 0x0000000004c1de48]

GC Heap History (10 events):
Event: 2.991 GC heap before
{Heap before GC invocations=6 (full 1):
 PSYoungGen      total 71680K, used 5091K [0x00000000d5f00000, 0x00000000df100000, 0x0000000100000000)
  eden space 66560K, 0% used [0x00000000d5f00000,0x00000000d5f00000,0x00000000da000000)
  from space 5120K, 99% used [0x00000000da000000,0x00000000da4f8df8,0x00000000da500000)
  to   space 8192K, 0% used [0x00000000de900000,0x00000000de900000,0x00000000df100000)
 ParOldGen       total 87552K, used 7005K [0x0000000081c00000, 0x0000000087180000, 0x00000000d5f00000)
  object space 87552K, 8% used [0x0000000081c00000,0x00000000822d75c0,0x0000000087180000)
 Metaspace       used 20871K, capacity 21132K, committed 21296K, reserved 1069056K
  class space    used 2545K, capacity 2637K, committed 2688K, reserved 1048576K
Event: 3.034 GC heap after
Heap after GC invocations=6 (full 1):
 PSYoungGen      total 71680K, used 0K [0x00000000d5f00000, 0x00000000df100000, 0x0000000100000000)
  eden space 66560K, 0% used [0x00000000d5f00000,0x00000000d5f00000,0x00000000da000000)
  from space 5120K, 0% used [0x00000000da000000,0x00000000da000000,0x00000000da500000)
  to   space 8192K, 0% used [0x00000000de900000,0x00000000de900000,0x00000000df100000)
 ParOldGen       total 55808K, used 7195K [0x0000000081c00000, 0x0000000085280000, 0x00000000d5f00000)
  object space 55808K, 12% used [0x0000000081c00000,0x0000000082306d00,0x0000000085280000)
 Metaspace       used 20871K, capacity 21132K, committed 21296K, reserved 1069056K
  class space    used 2545K, capacity 2637K, committed 2688K, reserved 1048576K
}
Event: 3.856 GC heap before
{Heap before GC invocations=7 (full 1):
 PSYoungGen      total 71680K, used 66560K [0x00000000d5f00000, 0x00000000df100000, 0x0000000100000000)
  eden space 66560K, 100% used [0x00000000d5f00000,0x00000000da000000,0x00000000da000000)
  from space 5120K, 0% used [0x00000000da000000,0x00000000da000000,0x00000000da500000)
  to   space 8192K, 0% used [0x00000000de900000,0x00000000de900000,0x00000000df100000)
 ParOldGen       total 55808K, used 7195K [0x0000000081c00000, 0x0000000085280000, 0x00000000d5f00000)
  object space 55808K, 12% used [0x0000000081c00000,0x0000000082306d00,0x0000000085280000)
 Metaspace       used 24443K, capacity 24768K, committed 24960K, reserved 1071104K
  class space    used 3021K, capacity 3131K, committed 3200K, reserved 1048576K
Event: 3.868 GC heap after
Heap after GC invocations=7 (full 1):
 PSYoungGen      total 112640K, used 5450K [0x00000000d5f00000, 0x00000000dee80000, 0x0000000100000000)
  eden space 107008K, 0% used [0x00000000d5f00000,0x00000000d5f00000,0x00000000dc780000)
  from space 5632K, 96% used [0x00000000de900000,0x00000000dee52b80,0x00000000dee80000)
  to   space 8192K, 0% used [0x00000000dde80000,0x00000000dde80000,0x00000000de680000)
 ParOldGen       total 55808K, used 7195K [0x0000000081c00000, 0x0000000085280000, 0x00000000d5f00000)
  object space 55808K, 12% used [0x0000000081c00000,0x0000000082306d00,0x0000000085280000)
 Metaspace       used 24443K, capacity 24768K, committed 24960K, reserved 1071104K
  class space    used 3021K, capacity 3131K, committed 3200K, reserved 1048576K
}
Event: 5.087 GC heap before
{Heap before GC invocations=8 (full 1):
 PSYoungGen      total 112640K, used 112458K [0x00000000d5f00000, 0x00000000dee80000, 0x0000000100000000)
  eden space 107008K, 100% used [0x00000000d5f00000,0x00000000dc780000,0x00000000dc780000)
  from space 5632K, 96% used [0x00000000de900000,0x00000000dee52b80,0x00000000dee80000)
  to   space 8192K, 0% used [0x00000000dde80000,0x00000000dde80000,0x00000000de680000)
 ParOldGen       total 55808K, used 7195K [0x0000000081c00000, 0x0000000085280000, 0x00000000d5f00000)
  object space 55808K, 12% used [0x0000000081c00000,0x0000000082306d00,0x0000000085280000)
 Metaspace       used 29110K, capacity 29464K, committed 29824K, reserved 1075200K
  class space    used 3603K, capacity 3711K, committed 3712K, reserved 1048576K
Event: 5.104 GC heap after
Heap after GC invocations=8 (full 1):
 PSYoungGen      total 138752K, used 8172K [0x00000000d5f00000, 0x00000000e1a80000, 0x0000000100000000)
  eden space 130560K, 0% used [0x00000000d5f00000,0x00000000d5f00000,0x00000000dde80000)
  from space 8192K, 99% used [0x00000000dde80000,0x00000000de67b098,0x00000000de680000)
  to   space 11264K, 0% used [0x00000000e0f80000,0x00000000e0f80000,0x00000000e1a80000)
 ParOldGen       total 55808K, used 11957K [0x0000000081c00000, 0x0000000085280000, 0x00000000d5f00000)
  object space 55808K, 21% used [0x0000000081c00000,0x00000000827ad768,0x0000000085280000)
 Metaspace       used 29110K, capacity 29464K, committed 29824K, reserved 1075200K
  class space    used 3603K, capacity 3711K, committed 3712K, reserved 1048576K
}
Event: 6.374 GC heap before
{Heap before GC invocations=9 (full 1):
 PSYoungGen      total 138752K, used 85905K [0x00000000d5f00000, 0x00000000e1a80000, 0x0000000100000000)
  eden space 130560K, 59% used [0x00000000d5f00000,0x00000000daae93c0,0x00000000dde80000)
  from space 8192K, 99% used [0x00000000dde80000,0x00000000de67b098,0x00000000de680000)
  to   space 11264K, 0% used [0x00000000e0f80000,0x00000000e0f80000,0x00000000e1a80000)
 ParOldGen       total 55808K, used 11957K [0x0000000081c00000, 0x0000000085280000, 0x00000000d5f00000)
  object space 55808K, 21% used [0x0000000081c00000,0x00000000827ad768,0x0000000085280000)
 Metaspace       used 34861K, capacity 35190K, committed 35496K, reserved 1081344K
  class space    used 4452K, capacity 4548K, committed 4608K, reserved 1048576K
Event: 6.386 GC heap after
Heap after GC invocations=9 (full 1):
 PSYoungGen      total 177664K, used 11251K [0x00000000d5f00000, 0x00000000e4000000, 0x0000000100000000)
  eden space 166400K, 0% used [0x00000000d5f00000,0x00000000d5f00000,0x00000000e0180000)
  from space 11264K, 99% used [0x00000000e0f80000,0x00000000e1a7cf18,0x00000000e1a80000)
  to   space 14336K, 0% used [0x00000000e0180000,0x00000000e0180000,0x00000000e0f80000)
 ParOldGen       total 55808K, used 15549K [0x0000000081c00000, 0x0000000085280000, 0x00000000d5f00000)
  object space 55808K, 27% used [0x0000000081c00000,0x0000000082b2f590,0x0000000085280000)
 Metaspace       used 34861K, capacity 35190K, committed 35496K, reserved 1081344K
  class space    used 4452K, capacity 4548K, committed 4608K, reserved 1048576K
}
Event: 6.386 GC heap before
{Heap before GC invocations=10 (full 2):
 PSYoungGen      total 177664K, used 11251K [0x00000000d5f00000, 0x00000000e4000000, 0x0000000100000000)
  eden space 166400K, 0% used [0x00000000d5f00000,0x00000000d5f00000,0x00000000e0180000)
  from space 11264K, 99% used [0x00000000e0f80000,0x00000000e1a7cf18,0x00000000e1a80000)
  to   space 14336K, 0% used [0x00000000e0180000,0x00000000e0180000,0x00000000e0f80000)
 ParOldGen       total 55808K, used 15549K [0x0000000081c00000, 0x0000000085280000, 0x00000000d5f00000)
  object space 55808K, 27% used [0x0000000081c00000,0x0000000082b2f590,0x0000000085280000)
 Metaspace       used 34861K, capacity 35190K, committed 35496K, reserved 1081344K
  class space    used 4452K, capacity 4548K, committed 4608K, reserved 1048576K
Event: 6.465 GC heap after
Heap after GC invocations=10 (full 2):
 PSYoungGen      total 177664K, used 0K [0x00000000d5f00000, 0x00000000e4000000, 0x0000000100000000)
  eden space 166400K, 0% used [0x00000000d5f00000,0x00000000d5f00000,0x00000000e0180000)
  from space 11264K, 0% used [0x00000000e0f80000,0x00000000e0f80000,0x00000000e1a80000)
  to   space 14336K, 0% used [0x00000000e0180000,0x00000000e0180000,0x00000000e0f80000)
 ParOldGen       total 55808K, used 22315K [0x0000000081c00000, 0x0000000085280000, 0x00000000d5f00000)
  object space 55808K, 39% used [0x0000000081c00000,0x00000000831cad30,0x0000000085280000)
 Metaspace       used 34861K, capacity 35190K, committed 35496K, reserved 1081344K
  class space    used 4452K, capacity 4548K, committed 4608K, reserved 1048576K
}

Deoptimization events (10 events):
Event: 5.830 Thread 0x00000000044a5000 Uncommon trap: reason=unstable_if action=reinterpret pc=0x0000000004777a8c method=java.util.zip.ZipCoder.getBytes(Ljava/lang/String;)[B @ 32
Event: 5.830 Thread 0x00000000044a5000 Uncommon trap: reason=unstable_if action=reinterpret pc=0x00000000048a0b48 method=java.util.zip.ZipCoder.getBytes(Ljava/lang/String;)[B @ 32
Event: 5.830 Thread 0x00000000044a5000 Uncommon trap: reason=unstable_if action=reinterpret pc=0x0000000005101ed4 method=java.net.URL.<init>(Ljava/net/URL;Ljava/lang/String;Ljava/net/URLStreamHandler;)V @ 57
Event: 5.830 Thread 0x00000000044a5000 Uncommon trap: reason=unstable_if action=reinterpret pc=0x000000000507ef08 method=java.net.URLStreamHandler.parseURL(Ljava/net/URL;Ljava/lang/String;II)V @ 57
Event: 6.007 Thread 0x00000000044a5000 Uncommon trap: reason=bimorphic action=maybe_recompile pc=0x0000000004823950 method=java.lang.ClassLoader.loadClass(Ljava/lang/String;Z)Ljava/lang/Class; @ 2
Event: 6.007 Thread 0x00000000044a5000 Uncommon trap: reason=unstable_if action=reinterpret pc=0x000000000476d000 method=java.lang.ClassLoader.getClassLoadingLock(Ljava/lang/String;)Ljava/lang/Object; @ 6
Event: 6.008 Thread 0x00000000044a5000 Uncommon trap: reason=bimorphic action=maybe_recompile pc=0x0000000004823950 method=java.lang.ClassLoader.loadClass(Ljava/lang/String;Z)Ljava/lang/Class; @ 2
Event: 6.161 Thread 0x00000000044a5000 Uncommon trap: reason=bimorphic action=maybe_recompile pc=0x0000000004823950 method=java.lang.ClassLoader.loadClass(Ljava/lang/String;Z)Ljava/lang/Class; @ 2
Event: 6.505 Thread 0x00000000044a5000 Uncommon trap: reason=bimorphic action=maybe_recompile pc=0x0000000004823950 method=java.lang.ClassLoader.loadClass(Ljava/lang/String;Z)Ljava/lang/Class; @ 2
Event: 6.589 Thread 0x00000000044a5000 Uncommon trap: reason=null_check action=make_not_entrant pc=0x000000000509e5c8 method=java.lang.Class.createAnnotationData(I)Ljava/lang/Class$AnnotationData; @ 14

Internal exceptions (10 events):
Event: 5.804 Thread 0x00000000044a5000 Exception <a 'java/lang/ClassNotFoundException': org/springframework/beans/factory/FactoryBeanCustomizer> (0x00000000d7e268b8) thrown at [C:\re\workspace\8-2-build-windows-amd64-cygwin\jdk8u144\9417\hotspot\src\share\vm\classfile\systemDictionary.cpp, lin
Event: 5.804 Thread 0x00000000044a5000 Exception <a 'java/lang/ClassNotFoundException': org/springframework/beans/factory/BeanClassLoaderAwareCustomizer> (0x00000000d7e3e528) thrown at [C:\re\workspace\8-2-build-windows-amd64-cygwin\jdk8u144\9417\hotspot\src\share\vm\classfile\systemDictionary
Event: 5.805 Thread 0x00000000044a5000 Exception <a 'java/lang/ClassNotFoundException': org/springframework/beans/factory/BeanFactoryAwareCustomizer> (0x00000000d7e524f8) thrown at [C:\re\workspace\8-2-build-windows-amd64-cygwin\jdk8u144\9417\hotspot\src\share\vm\classfile\systemDictionary.cpp
Event: 5.805 Thread 0x00000000044a5000 Exception <a 'java/lang/ClassNotFoundException': org/springframework/beans/factory/BeanNameAwareCustomizer> (0x00000000d7e65ce0) thrown at [C:\re\workspace\8-2-build-windows-amd64-cygwin\jdk8u144\9417\hotspot\src\share\vm\classfile\systemDictionary.cpp, l
Event: 5.805 Thread 0x00000000044a5000 Exception <a 'java/lang/ClassNotFoundException': org/springframework/beans/factory/InitializingBeanCustomizer> (0x00000000d7e79bd0) thrown at [C:\re\workspace\8-2-build-windows-amd64-cygwin\jdk8u144\9417\hotspot\src\share\vm\classfile\systemDictionary.cpp
Event: 5.805 Thread 0x00000000044a5000 Exception <a 'java/lang/ClassNotFoundException': org/springframework/beans/factory/DisposableBeanCustomizer> (0x00000000d7e8c5b0) thrown at [C:\re\workspace\8-2-build-windows-amd64-cygwin\jdk8u144\9417\hotspot\src\share\vm\classfile\systemDictionary.cpp, 
Event: 5.805 Thread 0x00000000044a5000 Exception <a 'java/lang/ClassNotFoundException': org/springframework/orm/jpa/EntityManagerFactoryInfoCustomizer> (0x00000000d7ea01f0) thrown at [C:\re\workspace\8-2-build-windows-amd64-cygwin\jdk8u144\9417\hotspot\src\share\vm\classfile\systemDictionary.c
Event: 5.806 Thread 0x00000000044a5000 Exception <a 'java/lang/ClassNotFoundException': org/springframework/dao/support/PersistenceExceptionTranslatorCustomizer> (0x00000000d7ebf6b8) thrown at [C:\re\workspace\8-2-build-windows-amd64-cygwin\jdk8u144\9417\hotspot\src\share\vm\classfile\systemDi
Event: 5.806 Thread 0x00000000044a5000 Exception <a 'java/lang/ClassNotFoundException': java/io/SerializableCustomizer> (0x00000000d7ec6880) thrown at [C:\re\workspace\8-2-build-windows-amd64-cygwin\jdk8u144\9417\hotspot\src\share\vm\classfile\systemDictionary.cpp, line 210]
Event: 6.340 Thread 0x00000000044a5000 Exception <a 'java/lang/reflect/InvocationTargetException'> (0x00000000da7134d0) thrown at [C:\re\workspace\8-2-build-windows-amd64-cygwin\jdk8u144\9417\hotspot\src\share\vm\runtime\reflection.cpp, line 1092]

Events (10 events):
Event: 6.794 loading class org/hibernate/persister/walking/spi/EntityDefinition
Event: 6.794 loading class org/hibernate/persister/walking/spi/EntityDefinition done
Event: 6.794 loading class org/hibernate/persister/walking/spi/AttributeSource
Event: 6.794 loading class org/hibernate/persister/walking/spi/AttributeSource done
Event: 6.795 loading class org/hibernate/persister/collection/CollectionPersister
Event: 6.795 loading class org/hibernate/persister/collection/CollectionPersister done
Event: 6.796 loading class org/hibernate/persister/walking/spi/CollectionDefinition
Event: 6.796 loading class org/hibernate/persister/walking/spi/CollectionDefinition done
Event: 6.797 loading class org/hibernate/cache/spi/access/UnknownAccessTypeException
Event: 6.797 loading class org/hibernate/cache/spi/access/UnknownAccessTypeException done


Dynamic libraries:
0x00007ff6aeed0000 - 0x00007ff6aef07000 	C:\Program Files\Java\jdk1.8.0_144\bin\java.exe
0x00007ffd85370000 - 0x00007ffd85550000 	C:\WINDOWS\SYSTEM32\ntdll.dll
0x00007ffd82840000 - 0x00007ffd828ee000 	C:\WINDOWS\System32\KERNEL32.DLL
0x00007ffd81790000 - 0x00007ffd819f6000 	C:\WINDOWS\System32\KERNELBASE.dll
0x00007ffd84770000 - 0x00007ffd84811000 	C:\WINDOWS\System32\ADVAPI32.dll
0x00007ffd82c60000 - 0x00007ffd82cfd000 	C:\WINDOWS\System32\msvcrt.dll
0x00007ffd85240000 - 0x00007ffd8529b000 	C:\WINDOWS\System32\sechost.dll
0x00007ffd84f90000 - 0x00007ffd850af000 	C:\WINDOWS\System32\RPCRT4.dll
0x00007ffd850b0000 - 0x00007ffd8523f000 	C:\WINDOWS\System32\USER32.dll
0x00007ffd81770000 - 0x00007ffd81790000 	C:\WINDOWS\System32\win32u.dll
0x00007ffd843c0000 - 0x00007ffd843e8000 	C:\WINDOWS\System32\GDI32.dll
0x00007ffd824f0000 - 0x00007ffd82683000 	C:\WINDOWS\System32\gdi32full.dll
0x00007ffd81ae0000 - 0x00007ffd81b7b000 	C:\WINDOWS\System32\msvcp_win.dll
0x00007ffd82690000 - 0x00007ffd82786000 	C:\WINDOWS\System32\ucrtbase.dll
0x00007ffd701f0000 - 0x00007ffd70459000 	C:\WINDOWS\WinSxS\amd64_microsoft.windows.common-controls_6595b64144ccf1df_6.0.16299.309_none_15cfd4c4935e6b11\COMCTL32.dll
0x00007ffd828f0000 - 0x00007ffd82bf8000 	C:\WINDOWS\System32\combase.dll
0x00007ffd81a60000 - 0x00007ffd81ad2000 	C:\WINDOWS\System32\bcryptPrimitives.dll
0x00007ffd843f0000 - 0x00007ffd8441d000 	C:\WINDOWS\System32\IMM32.DLL
0x000000005b2a0000 - 0x000000005b372000 	C:\Program Files\Java\jdk1.8.0_144\jre\bin\msvcr100.dll
0x0000000058c30000 - 0x00000000594cd000 	C:\Program Files\Java\jdk1.8.0_144\jre\bin\server\jvm.dll
0x00007ffd848f0000 - 0x00007ffd848f8000 	C:\WINDOWS\System32\PSAPI.DLL
0x00007ffd724d0000 - 0x00007ffd724d9000 	C:\WINDOWS\SYSTEM32\WSOCK32.dll
0x00007ffd84350000 - 0x00007ffd843bc000 	C:\WINDOWS\System32\WS2_32.dll
0x00007ffd7f010000 - 0x00007ffd7f033000 	C:\WINDOWS\SYSTEM32\WINMM.dll
0x00007ffd729e0000 - 0x00007ffd729ea000 	C:\WINDOWS\SYSTEM32\VERSION.dll
0x00007ffd7efe0000 - 0x00007ffd7f00a000 	C:\WINDOWS\SYSTEM32\WINMMBASE.dll
0x00007ffd81d50000 - 0x00007ffd81d9a000 	C:\WINDOWS\System32\cfgmgr32.dll
0x000000005b290000 - 0x000000005b29f000 	C:\Program Files\Java\jdk1.8.0_144\jre\bin\verify.dll
0x000000005b260000 - 0x000000005b289000 	C:\Program Files\Java\jdk1.8.0_144\jre\bin\java.dll
0x000000005b230000 - 0x000000005b253000 	C:\Program Files\Java\jdk1.8.0_144\jre\bin\instrument.dll
0x000000005b210000 - 0x000000005b226000 	C:\Program Files\Java\jdk1.8.0_144\jre\bin\zip.dll
0x00007ffd82d00000 - 0x00007ffd84136000 	C:\WINDOWS\System32\SHELL32.dll
0x00007ffd846c0000 - 0x00007ffd84766000 	C:\WINDOWS\System32\shcore.dll
0x00007ffd81da0000 - 0x00007ffd824e7000 	C:\WINDOWS\System32\windows.storage.dll
0x00007ffd84140000 - 0x00007ffd84191000 	C:\WINDOWS\System32\shlwapi.dll
0x00007ffd81710000 - 0x00007ffd81721000 	C:\WINDOWS\System32\kernel.appcore.dll
0x00007ffd816c0000 - 0x00007ffd8170c000 	C:\WINDOWS\System32\powrprof.dll
0x00007ffd81750000 - 0x00007ffd8176b000 	C:\WINDOWS\System32\profapi.dll
0x00007ffd714a0000 - 0x00007ffd714ba000 	C:\Program Files\JetBrains\IntelliJ IDEA 2017.3.1\bin\breakgen64.dll
0x000000005b1f0000 - 0x000000005b20a000 	C:\Program Files\Java\jdk1.8.0_144\jre\bin\net.dll
0x00007ffd80ef0000 - 0x00007ffd80f56000 	C:\WINDOWS\system32\mswsock.dll
0x000000005b1c0000 - 0x000000005b1cd000 	C:\Program Files\Java\jdk1.8.0_144\jre\bin\management.dll
0x00007ffd7cca0000 - 0x00007ffd7ccb6000 	C:\WINDOWS\system32\napinsp.dll
0x00007ffd7cd90000 - 0x00007ffd7cdaa000 	C:\WINDOWS\system32\pnrpnsp.dll
0x00007ffd80cc0000 - 0x00007ffd80d76000 	C:\WINDOWS\SYSTEM32\DNSAPI.dll
0x00007ffd845a0000 - 0x00007ffd845a8000 	C:\WINDOWS\System32\NSI.dll
0x00007ffd80c80000 - 0x00007ffd80cb9000 	C:\WINDOWS\SYSTEM32\IPHLPAPI.DLL
0x00007ffd7ce40000 - 0x00007ffd7ce4e000 	C:\WINDOWS\System32\winrnr.dll
0x00007ffd7da50000 - 0x00007ffd7da68000 	C:\WINDOWS\system32\NLAapi.dll
0x00007ffd7bbe0000 - 0x00007ffd7bbf5000 	C:\WINDOWS\System32\wshbth.dll
0x00007ffd753a0000 - 0x00007ffd753aa000 	C:\Windows\System32\rasadhlp.dll
0x00007ffd76f20000 - 0x00007ffd76f90000 	C:\WINDOWS\System32\fwpuclnt.dll
0x00007ffd811c0000 - 0x00007ffd811e5000 	C:\WINDOWS\SYSTEM32\bcrypt.dll
0x000000005b1d0000 - 0x000000005b1e1000 	C:\Program Files\Java\jdk1.8.0_144\jre\bin\nio.dll
0x00007ffd810b0000 - 0x00007ffd810c7000 	C:\WINDOWS\SYSTEM32\CRYPTSP.dll
0x00007ffd80af0000 - 0x00007ffd80b23000 	C:\WINDOWS\system32\rsaenh.dll
0x00007ffd815f0000 - 0x00007ffd81619000 	C:\WINDOWS\SYSTEM32\USERENV.dll
0x00007ffd810d0000 - 0x00007ffd810db000 	C:\WINDOWS\SYSTEM32\CRYPTBASE.dll
0x00007ffd77ad0000 - 0x00007ffd77ae6000 	C:\WINDOWS\SYSTEM32\dhcpcsvc6.DLL
0x00007ffd7a370000 - 0x00007ffd7a38a000 	C:\WINDOWS\SYSTEM32\dhcpcsvc.DLL

VM Arguments:
jvm_args: -javaagent:C:\Program Files\JetBrains\IntelliJ IDEA 2017.3.1\lib\idea_rt.jar=58639:C:\Program Files\JetBrains\IntelliJ IDEA 2017.3.1\bin -Dfile.encoding=UTF-8 
java_command: com.sda.webgame.SpringApplicationStarter
java_class_path (initial): C:\Program Files\Java\jdk1.8.0_144\jre\lib\charsets.jar;C:\Program Files\Java\jdk1.8.0_144\jre\lib\deploy.jar;C:\Program Files\Java\jdk1.8.0_144\jre\lib\ext\access-bridge-64.jar;C:\Program Files\Java\jdk1.8.0_144\jre\lib\ext\cldrdata.jar;C:\Program Files\Java\jdk1.8.0_144\jre\lib\ext\dnsns.jar;C:\Program Files\Java\jdk1.8.0_144\jre\lib\ext\jaccess.jar;C:\Program Files\Java\jdk1.8.0_144\jre\lib\ext\jfxrt.jar;C:\Program Files\Java\jdk1.8.0_144\jre\lib\ext\localedata.jar;C:\Program Files\Java\jdk1.8.0_144\jre\lib\ext\nashorn.jar;C:\Program Files\Java\jdk1.8.0_144\jre\lib\ext\sunec.jar;C:\Program Files\Java\jdk1.8.0_144\jre\lib\ext\sunjce_provider.jar;C:\Program Files\Java\jdk1.8.0_144\jre\lib\ext\sunmscapi.jar;C:\Program Files\Java\jdk1.8.0_144\jre\lib\ext\sunpkcs11.jar;C:\Program Files\Java\jdk1.8.0_144\jre\lib\ext\zipfs.jar;C:\Program Files\Java\jdk1.8.0_144\jre\lib\javaws.jar;C:\Program Files\Java\jdk1.8.0_144\jre\lib\jce.jar;C:\Program Files\Java\jdk1.8.0_144\jre\lib\jfr.jar;C:\Program Files\Java\jdk1.8.0_144\jre\lib\jfxswt.jar;C:\Program Files\Java\jdk1.8.0_144\jre\lib\jsse.jar;C:\Program Files\Java\jdk1.8.0_144\jre\lib\management-agent.jar;C:\Program Files\Java\jdk1.8.0_144\jre\lib\plugin.jar;C:\Program Files\Java\jdk1.8.0_144\jre\lib\resources.jar;C:\Program Files\Java\jdk1.8.0_144\jre\lib\rt.jar;C:\dev\workspace\javakurs\webgamebackend\target\classes;C:\Users\Michal\.m2\repository\org\springframework\spring-context\4.3.14.RELEASE\spring-context-4.3.14.RELEASE.jar;C:\Users\Michal\.m2\repository\org\springframework\spring-aop\4.3.14.RELEASE\spring-aop-4.3.14.RELEASE.jar;C:\Users\Michal\.m2\repository\org\springframework\spring-beans\4.3.14.RELEASE\spring-beans-4.3.14.RELEASE.jar;C:\Users\Michal\.m2\repository\org\springframework\spring-core\4.3.14.RELEASE\spring-core-4.3.14.RELEASE.jar;C:\Users\Michal\.m2\repository\org\springframework\spring-expression\4.3.14.RELEASE\spring-expression-4.3.14.RELEASE.jar;C:\Users\Michal\.m2\repository
Launcher Type: SUN_STANDARD

Environment Variables:
JAVA_HOME=C:\Program Files\Java\jdk1.8.0_144
PATH=C:\ProgramData\Oracle\Java\javapath;C:\WINDOWS\system32;C:\WINDOWS;C:\WINDOWS\System32\Wbem;C:\WINDOWS\System32\WindowsPowerShell\v1.0\;C:\Program Files\Java\jdk1.8.0_144\bin;C:\tools\apache-maven-3.5.0\bin;C:\Program Files\PostgreSQL\10\bin;C:\Program Files\PostgreSQL\10\lib;C:\Program Files\Git;C:\Program Files\PuTTY\;C:\Program Files\nodejs\;C:\Program Files\Git\bin\;C:\Users\Michal\AppData\Local\Microsoft\WindowsApps;C:\Users\Michal\AppData\Local\Microsoft\WindowsApps;C:\Users\Michal\AppData\Roaming\npm
USERNAME=Michal
OS=Windows_NT
PROCESSOR_IDENTIFIER=Intel64 Family 6 Model 142 Stepping 9, GenuineIntel



---------------  S Y S T E M  ---------------

OS: Windows 10.0 , 64 bit Build 16299 (10.0.16299.15)

CPU:total 4 (initial active 4) (2 cores per cpu, 2 threads per core) family 6 model 142 stepping 9, cmov, cx8, fxsr, mmx, sse, sse2, sse3, ssse3, sse4.1, sse4.2, popcnt, avx, avx2, aes, clmul, erms, 3dnowpref, lzcnt, ht, tsc, tscinvbit, bmi1, bmi2, adx

Memory: 4k page, physical 8273256k(762272k free), swap 8273256k(8516k free)

vm_info: Java HotSpot(TM) 64-Bit Server VM (25.144-b01) for windows-amd64 JRE (1.8.0_144-b01), built on Jul 21 2017 21:57:33 by "java_re" with MS VC++ 10.0 (VS2010)

time: Sat Mar 24 17:49:48 2018
elapsed time: 6 seconds (0d 0h 0m 6s)

