#
# There is insufficient memory for the Java Runtime Environment to continue.
# Native memory allocation (malloc) failed to allocate 32744 bytes for ChunkPool::allocate
# Possible reasons:
#   The system is out of physical RAM or swap space
#   In 32 bit mode, the process size limit was hit
# Possible solutions:
#   Reduce memory load on the system
#   Increase physical memory or swap space
#   Check if swap backing store is full
#   Use 64 bit Java on a 64 bit OS
#   Decrease Java heap size (-Xmx/-Xms)
#   Decrease number of Java threads
#   Decrease Java thread stack sizes (-Xss)
#   Set larger code cache with -XX:ReservedCodeCacheSize=
# This output file may be truncated or incomplete.
#
#  Out of Memory Error (allocation.cpp:273), pid=2260, tid=0x0000000000000e98
#
# JRE version: Java(TM) SE Runtime Environment (8.0_144-b01) (build 1.8.0_144-b01)
# Java VM: Java HotSpot(TM) 64-Bit Server VM (25.144-b01 mixed mode windows-amd64 compressed oops)
# Failed to write core dump. Minidumps are not enabled by default on client versions of Windows
#

---------------  T H R E A D  ---------------

Current thread (0x000000001b311800):  JavaThread "C2 CompilerThread1" daemon [_thread_in_native, id=3736, stack(0x000000001b640000,0x000000001b740000)]

Stack: [0x000000001b640000,0x000000001b740000]
[error occurred during error reporting (printing stack bounds), id 0xc0000005]

Native frames: (J=compiled Java code, j=interpreted, Vv=VM code, C=native code)


Current CompileTask:
C2:   8089 3885       4       java.lang.Class::privateGetMethodRecursive (130 bytes)


---------------  P R O C E S S  ---------------

Java Threads: ( => current thread )
  0x000000001e442000 JavaThread "Tomcat JDBC Pool Cleaner[414493378:1521889549672]" daemon [_thread_blocked, id=10320, stack(0x00000000223c0000,0x00000000224c0000)]
  0x00000000200cf800 JavaThread "container-0" [_thread_blocked, id=2908, stack(0x0000000021fe0000,0x00000000220e0000)]
  0x000000001e6b9000 JavaThread "ContainerBackgroundProcessor[StandardEngine[Tomcat]]" daemon [_thread_blocked, id=7308, stack(0x0000000020a50000,0x0000000020b50000)]
  0x00000000208dc800 JavaThread "localhost-startStop-1" daemon [_thread_blocked, id=5752, stack(0x000000001f890000,0x000000001f990000)]
  0x00000000203cb000 JavaThread "Tomcat-startStop-1" daemon [_thread_blocked, id=3228, stack(0x000000001f790000,0x000000001f890000)]
  0x000000001b3e0800 JavaThread "Service Thread" daemon [_thread_blocked, id=9116, stack(0x000000001b840000,0x000000001b940000)]
  0x000000001b373800 JavaThread "C1 CompilerThread2" daemon [_thread_in_native, id=10140, stack(0x000000001b740000,0x000000001b840000)]
=>0x000000001b311800 JavaThread "C2 CompilerThread1" daemon [_thread_in_native, id=3736, stack(0x000000001b640000,0x000000001b740000)]
  0x000000001b25b000 JavaThread "C2 CompilerThread0" daemon [_thread_in_native, id=11692, stack(0x000000001b540000,0x000000001b640000)]
  0x000000001b2bf800 JavaThread "Monitor Ctrl-Break" daemon [_thread_in_native, id=10480, stack(0x000000001b440000,0x000000001b540000)]
  0x00000000199da000 JavaThread "Attach Listener" daemon [_thread_blocked, id=4408, stack(0x000000001af40000,0x000000001b040000)]
  0x0000000004e9e800 JavaThread "Signal Dispatcher" daemon [_thread_blocked, id=1212, stack(0x000000001ae40000,0x000000001af40000)]
  0x00000000199b9000 JavaThread "Finalizer" daemon [_thread_blocked, id=5152, stack(0x000000001ac40000,0x000000001ad40000)]
  0x0000000004e95000 JavaThread "Reference Handler" daemon [_thread_blocked, id=11884, stack(0x000000001ab40000,0x000000001ac40000)]
  0x0000000004da5000 JavaThread "main" [_thread_in_vm, id=460, stack(0x0000000004ba0000,0x0000000004ca0000)]

Other Threads:
  0x0000000019996800 VMThread [stack: 0x000000001aa40000,0x000000001ab40000] [id=7428]
  0x000000001b3ef000 WatcherThread [stack: 0x000000001b940000,0x000000001ba40000] [id=4492]

VM state:not at safepoint (normal execution)

VM Mutex/Monitor currently owned by a thread: None

Heap:
 PSYoungGen      total 161280K, used 35921K [0x00000000d5f00000, 0x00000000e2f80000, 0x0000000100000000)
  eden space 146944K, 15% used [0x00000000d5f00000,0x00000000d752efe8,0x00000000dee80000)
  from space 14336K, 92% used [0x00000000dee80000,0x00000000dfb65428,0x00000000dfc80000)
  to   space 15872K, 0% used [0x00000000e2000000,0x00000000e2000000,0x00000000e2f80000)
 ParOldGen       total 105472K, used 22390K [0x0000000081c00000, 0x0000000088300000, 0x00000000d5f00000)
  object space 105472K, 21% used [0x0000000081c00000,0x00000000831dd9c0,0x0000000088300000)
 Metaspace       used 44095K, capacity 44552K, committed 44800K, reserved 1087488K
  class space    used 5755K, capacity 5879K, committed 5888K, reserved 1048576K

Card table byte_map: [0x0000000014260000,0x0000000014660000] byte_map_base: 0x0000000013e52000

Marking Bits: (ParMarkBitMap*) 0x000000005944d850
 Begin Bits: [0x0000000014d10000, 0x0000000016ca0000)
 End Bits:   [0x0000000016ca0000, 0x0000000018c30000)

Polling page: 0x0000000002e70000

CodeCache: size=245760Kb used=14190Kb max_used=14842Kb free=231569Kb
 bounds [0x0000000004ea0000, 0x0000000005d30000, 0x0000000013ea0000]
 total_blobs=4399 nmethods=3930 adapters=381
 compilation: enabled

Compilation events (10 events):
Event: 8.034 Thread 0x000000001b373800 nmethod 4209 0x0000000004fe4910 code [0x0000000004fe4a80, 0x0000000004fe4d88]
Event: 8.034 Thread 0x000000001b373800 4210       2       java.util.regex.Pattern::escape (1151 bytes)
Event: 8.038 Thread 0x000000001b373800 nmethod 4210 0x00000000050afc10 code [0x00000000050b01a0, 0x00000000050b2b08]
Event: 8.047 Thread 0x000000001b373800 4211       2       org.springframework.beans.factory.annotation.InitDestroyAnnotationBeanPostProcessor$1::<init> (32 bytes)
Event: 8.047 Thread 0x000000001b373800 nmethod 4211 0x0000000005194590 code [0x00000000051946e0, 0x0000000005194890]
Event: 8.069 Thread 0x000000001b373800 4212   !   2       com.sun.proxy.$Proxy51::equals (39 bytes)
Event: 8.070 Thread 0x000000001b373800 nmethod 4212 0x000000000525f010 code [0x000000000525f1a0, 0x000000000525f578]
Event: 8.071 Thread 0x000000001b373800 4213       3       java.io.WinNTFileSystem::normalize (231 bytes)
Event: 8.074 Thread 0x000000001b373800 nmethod 4213 0x0000000005216bd0 code [0x00000000052170a0, 0x000000000521aef8]
Event: 8.074 Thread 0x000000001b373800 4214       2       org.springframework.asm.ClassReader::readCode (3619 bytes)

GC Heap History (10 events):
Event: 3.351 GC heap before
{Heap before GC invocations=7 (full 1):
 PSYoungGen      total 71680K, used 66560K [0x00000000d5f00000, 0x00000000df100000, 0x0000000100000000)
  eden space 66560K, 100% used [0x00000000d5f00000,0x00000000da000000,0x00000000da000000)
  from space 5120K, 0% used [0x00000000da000000,0x00000000da000000,0x00000000da500000)
  to   space 8192K, 0% used [0x00000000de900000,0x00000000de900000,0x00000000df100000)
 ParOldGen       total 59392K, used 7156K [0x0000000081c00000, 0x0000000085600000, 0x00000000d5f00000)
  object space 59392K, 12% used [0x0000000081c00000,0x00000000822fd0c0,0x0000000085600000)
 Metaspace       used 24420K, capacity 24768K, committed 24960K, reserved 1071104K
  class space    used 3027K, capacity 3131K, committed 3200K, reserved 1048576K
Event: 3.360 GC heap after
Heap after GC invocations=7 (full 1):
 PSYoungGen      total 105984K, used 5297K [0x00000000d5f00000, 0x00000000dee80000, 0x0000000100000000)
  eden space 100352K, 0% used [0x00000000d5f00000,0x00000000d5f00000,0x00000000dc100000)
  from space 5632K, 94% used [0x00000000de900000,0x00000000dee2c518,0x00000000dee80000)
  to   space 8192K, 0% used [0x00000000dde80000,0x00000000dde80000,0x00000000de680000)
 ParOldGen       total 59392K, used 7164K [0x0000000081c00000, 0x0000000085600000, 0x00000000d5f00000)
  object space 59392K, 12% used [0x0000000081c00000,0x00000000822ff0c0,0x0000000085600000)
 Metaspace       used 24420K, capacity 24768K, committed 24960K, reserved 1071104K
  class space    used 3027K, capacity 3131K, committed 3200K, reserved 1048576K
}
Event: 4.389 GC heap before
{Heap before GC invocations=8 (full 1):
 PSYoungGen      total 105984K, used 105649K [0x00000000d5f00000, 0x00000000dee80000, 0x0000000100000000)
  eden space 100352K, 100% used [0x00000000d5f00000,0x00000000dc100000,0x00000000dc100000)
  from space 5632K, 94% used [0x00000000de900000,0x00000000dee2c518,0x00000000dee80000)
  to   space 8192K, 0% used [0x00000000dde80000,0x00000000dde80000,0x00000000de680000)
 ParOldGen       total 59392K, used 7164K [0x0000000081c00000, 0x0000000085600000, 0x00000000d5f00000)
  object space 59392K, 12% used [0x0000000081c00000,0x00000000822ff0c0,0x0000000085600000)
 Metaspace       used 29070K, capacity 29400K, committed 29568K, reserved 1075200K
  class space    used 3611K, capacity 3711K, committed 3712K, reserved 1048576K
Event: 4.407 GC heap after
Heap after GC invocations=8 (full 1):
 PSYoungGen      total 138752K, used 8191K [0x00000000d5f00000, 0x00000000e0780000, 0x0000000100000000)
  eden space 130560K, 0% used [0x00000000d5f00000,0x00000000d5f00000,0x00000000dde80000)
  from space 8192K, 99% used [0x00000000dde80000,0x00000000de67fd00,0x00000000de680000)
  to   space 11264K, 0% used [0x00000000dfc80000,0x00000000dfc80000,0x00000000e0780000)
 ParOldGen       total 59392K, used 11825K [0x0000000081c00000, 0x0000000085600000, 0x00000000d5f00000)
  object space 59392K, 19% used [0x0000000081c00000,0x000000008278c508,0x0000000085600000)
 Metaspace       used 29070K, capacity 29400K, committed 29568K, reserved 1075200K
  class space    used 3611K, capacity 3711K, committed 3712K, reserved 1048576K
}
Event: 5.975 GC heap before
{Heap before GC invocations=9 (full 1):
 PSYoungGen      total 138752K, used 91973K [0x00000000d5f00000, 0x00000000e0780000, 0x0000000100000000)
  eden space 130560K, 64% used [0x00000000d5f00000,0x00000000db0d19e0,0x00000000dde80000)
  from space 8192K, 99% used [0x00000000dde80000,0x00000000de67fd00,0x00000000de680000)
  to   space 11264K, 0% used [0x00000000dfc80000,0x00000000dfc80000,0x00000000e0780000)
 ParOldGen       total 59392K, used 11825K [0x0000000081c00000, 0x0000000085600000, 0x00000000d5f00000)
  object space 59392K, 19% used [0x0000000081c00000,0x000000008278c508,0x0000000085600000)
 Metaspace       used 34866K, capacity 35190K, committed 35496K, reserved 1081344K
  class space    used 4464K, capacity 4548K, committed 4608K, reserved 1048576K
Event: 5.987 GC heap after
Heap after GC invocations=9 (full 1):
 PSYoungGen      total 158208K, used 11262K [0x00000000d5f00000, 0x00000000e3400000, 0x0000000100000000)
  eden space 146944K, 0% used [0x00000000d5f00000,0x00000000d5f00000,0x00000000dee80000)
  from space 11264K, 99% used [0x00000000dfc80000,0x00000000e077faf0,0x00000000e0780000)
  to   space 14336K, 0% used [0x00000000dee80000,0x00000000dee80000,0x00000000dfc80000)
 ParOldGen       total 59392K, used 15614K [0x0000000081c00000, 0x0000000085600000, 0x00000000d5f00000)
  object space 59392K, 26% used [0x0000000081c00000,0x0000000082b3f8d0,0x0000000085600000)
 Metaspace       used 34866K, capacity 35190K, committed 35496K, reserved 1081344K
  class space    used 4464K, capacity 4548K, committed 4608K, reserved 1048576K
}
Event: 5.987 GC heap before
{Heap before GC invocations=10 (full 2):
 PSYoungGen      total 158208K, used 11262K [0x00000000d5f00000, 0x00000000e3400000, 0x0000000100000000)
  eden space 146944K, 0% used [0x00000000d5f00000,0x00000000d5f00000,0x00000000dee80000)
  from space 11264K, 99% used [0x00000000dfc80000,0x00000000e077faf0,0x00000000e0780000)
  to   space 14336K, 0% used [0x00000000dee80000,0x00000000dee80000,0x00000000dfc80000)
 ParOldGen       total 59392K, used 15614K [0x0000000081c00000, 0x0000000085600000, 0x00000000d5f00000)
  object space 59392K, 26% used [0x0000000081c00000,0x0000000082b3f8d0,0x0000000085600000)
 Metaspace       used 34866K, capacity 35190K, committed 35496K, reserved 1081344K
  class space    used 4464K, capacity 4548K, committed 4608K, reserved 1048576K
Event: 6.065 GC heap after
Heap after GC invocations=10 (full 2):
 PSYoungGen      total 158208K, used 0K [0x00000000d5f00000, 0x00000000e3400000, 0x0000000100000000)
  eden space 146944K, 0% used [0x00000000d5f00000,0x00000000d5f00000,0x00000000dee80000)
  from space 11264K, 0% used [0x00000000dfc80000,0x00000000dfc80000,0x00000000e0780000)
  to   space 14336K, 0% used [0x00000000dee80000,0x00000000dee80000,0x00000000dfc80000)
 ParOldGen       total 105472K, used 22382K [0x0000000081c00000, 0x0000000088300000, 0x00000000d5f00000)
  object space 105472K, 21% used [0x0000000081c00000,0x00000000831db9c0,0x0000000088300000)
 Metaspace       used 34866K, capacity 35190K, committed 35496K, reserved 1081344K
  class space    used 4464K, capacity 4548K, committed 4608K, reserved 1048576K
}
Event: 7.891 GC heap before
{Heap before GC invocations=11 (full 2):
 PSYoungGen      total 158208K, used 146944K [0x00000000d5f00000, 0x00000000e3400000, 0x0000000100000000)
  eden space 146944K, 100% used [0x00000000d5f00000,0x00000000dee80000,0x00000000dee80000)
  from space 11264K, 0% used [0x00000000dfc80000,0x00000000dfc80000,0x00000000e0780000)
  to   space 14336K, 0% used [0x00000000dee80000,0x00000000dee80000,0x00000000dfc80000)
 ParOldGen       total 105472K, used 22382K [0x0000000081c00000, 0x0000000088300000, 0x00000000d5f00000)
  object space 105472K, 21% used [0x0000000081c00000,0x00000000831db9c0,0x0000000088300000)
 Metaspace       used 43733K, capacity 44124K, committed 44544K, reserved 1087488K
  class space    used 5719K, capacity 5845K, committed 5888K, reserved 1048576K
Event: 7.904 GC heap after
Heap after GC invocations=11 (full 2):
 PSYoungGen      total 161280K, used 13205K [0x00000000d5f00000, 0x00000000e2f80000, 0x0000000100000000)
  eden space 146944K, 0% used [0x00000000d5f00000,0x00000000d5f00000,0x00000000dee80000)
  from space 14336K, 92% used [0x00000000dee80000,0x00000000dfb65428,0x00000000dfc80000)
  to   space 15872K, 0% used [0x00000000e2000000,0x00000000e2000000,0x00000000e2f80000)
 ParOldGen       total 105472K, used 22390K [0x0000000081c00000, 0x0000000088300000, 0x00000000d5f00000)
  object space 105472K, 21% used [0x0000000081c00000,0x00000000831dd9c0,0x0000000088300000)
 Metaspace       used 43733K, capacity 44124K, committed 44544K, reserved 1087488K
  class space    used 5719K, capacity 5845K, committed 5888K, reserved 1048576K
}

Deoptimization events (10 events):
Event: 7.549 Thread 0x0000000004da5000 Uncommon trap: reason=bimorphic action=maybe_recompile pc=0x0000000005afc760 method=sun.reflect.generics.reflectiveObjects.WildcardTypeImpl.getUpperBounds()[Ljava/lang/reflect/Type; @ 37
Event: 7.600 Thread 0x0000000004da5000 Uncommon trap: reason=unstable_if action=reinterpret pc=0x0000000005990ae0 method=java.util.concurrent.ConcurrentHashMap.putVal(Ljava/lang/Object;Ljava/lang/Object;Z)Ljava/lang/Object; @ 331
Event: 7.601 Thread 0x0000000004da5000 Uncommon trap: reason=unstable_if action=reinterpret pc=0x0000000005934044 method=java.util.concurrent.ConcurrentHashMap.get(Ljava/lang/Object;)Ljava/lang/Object; @ 86
Event: 7.644 Thread 0x0000000004da5000 Uncommon trap: reason=unstable_if action=reinterpret pc=0x0000000005a96d50 method=org.springframework.asm.ClassReader.readCode(Lorg/springframework/asm/MethodVisitor;Lorg/springframework/asm/Context;I)V @ 3144
Event: 7.668 Thread 0x0000000004da5000 Uncommon trap: reason=unstable_if action=reinterpret pc=0x000000000596038c method=org.springframework.asm.Frame.merge(Lorg/springframework/asm/ClassWriter;I[II)Z @ 80
Event: 7.668 Thread 0x0000000004da5000 Uncommon trap: reason=unstable_if action=reinterpret pc=0x00000000057b2864 method=org.springframework.asm.Frame.merge(Lorg/springframework/asm/ClassWriter;I[II)Z @ 80
Event: 7.746 Thread 0x0000000004da5000 Uncommon trap: reason=unstable_if action=reinterpret pc=0x0000000005b736cc method=java.util.WeakHashMap.put(Ljava/lang/Object;Ljava/lang/Object;)Ljava/lang/Object; @ 47
Event: 7.879 Thread 0x0000000004da5000 Uncommon trap: reason=unstable_if action=reinterpret pc=0x00000000057ff6cc method=java.util.concurrent.ConcurrentHashMap.transfer([Ljava/util/concurrent/ConcurrentHashMap$Node;[Ljava/util/concurrent/ConcurrentHashMap$Node;)V @ 356
Event: 7.880 Thread 0x0000000004da5000 Uncommon trap: reason=unstable_if action=reinterpret pc=0x000000000553ccd0 method=java.util.concurrent.ConcurrentHashMap.transfer([Ljava/util/concurrent/ConcurrentHashMap$Node;[Ljava/util/concurrent/ConcurrentHashMap$Node;)V @ 356
Event: 8.053 Thread 0x0000000004da5000 Uncommon trap: reason=unstable_if action=reinterpret pc=0x000000000544d698 method=java.io.WinNTFileSystem.isLetter(C)Z @ 3

Internal exceptions (10 events):
Event: 8.065 Thread 0x0000000004da5000 Exception <a 'java/lang/ClassNotFoundException': org/springframework/boot/autoconfigure/jmx/JmxAutoConfiguration$$EnhancerBySpringCGLIB$$dd5d89ddCustomizer> (0x00000000d71f0a08) thrown at [C:\re\workspace\8-2-build-windows-amd64-cygwin\jdk8u144\9417\hotsp
Event: 8.065 Thread 0x0000000004da5000 Exception <a 'java/lang/ClassNotFoundException': org/springframework/context/annotation/ConfigurationClassEnhancer$EnhancedConfigurationCustomizer> (0x00000000d7216978) thrown at [C:\re\workspace\8-2-build-windows-amd64-cygwin\jdk8u144\9417\hotspot\src\sh
Event: 8.066 Thread 0x0000000004da5000 Exception <a 'java/lang/ClassNotFoundException': org/springframework/context/EnvironmentAwareCustomizer> (0x00000000d72281a0) thrown at [C:\re\workspace\8-2-build-windows-amd64-cygwin\jdk8u144\9417\hotspot\src\share\vm\classfile\systemDictionary.cpp, line
Event: 8.066 Thread 0x0000000004da5000 Exception <a 'java/lang/ClassNotFoundException': org/springframework/beans/factory/BeanFactoryAwareCustomizer> (0x00000000d723c050) thrown at [C:\re\workspace\8-2-build-windows-amd64-cygwin\jdk8u144\9417\hotspot\src\share\vm\classfile\systemDictionary.cpp
Event: 8.081 Thread 0x0000000004da5000 Exception <a 'java/lang/ClassNotFoundException': java/lang/ObjectCustomizer> (0x00000000d7326db8) thrown at [C:\re\workspace\8-2-build-windows-amd64-cygwin\jdk8u144\9417\hotspot\src\share\vm\classfile\systemDictionary.cpp, line 210]
Event: 8.082 Thread 0x0000000004da5000 Exception <a 'java/lang/ClassNotFoundException': org/springframework/jmx/export/naming/MetadataNamingStrategyCustomizer> (0x00000000d733f818) thrown at [C:\re\workspace\8-2-build-windows-amd64-cygwin\jdk8u144\9417\hotspot\src\share\vm\classfile\systemDict
Event: 8.083 Thread 0x0000000004da5000 Exception <a 'java/lang/ClassNotFoundException': org/springframework/boot/autoconfigure/jmx/ParentAwareNamingStrategyCustomizer> (0x00000000d735a818) thrown at [C:\re\workspace\8-2-build-windows-amd64-cygwin\jdk8u144\9417\hotspot\src\share\vm\classfile\sy
Event: 8.084 Thread 0x0000000004da5000 Exception <a 'java/lang/ClassNotFoundException': org/springframework/context/ApplicationContextAwareCustomizer> (0x00000000d7376400) thrown at [C:\re\workspace\8-2-build-windows-amd64-cygwin\jdk8u144\9417\hotspot\src\share\vm\classfile\systemDictionary.cp
Event: 8.084 Thread 0x0000000004da5000 Exception <a 'java/lang/ClassNotFoundException': org/springframework/jmx/export/naming/ObjectNamingStrategyCustomizer> (0x00000000d738c5e0) thrown at [C:\re\workspace\8-2-build-windows-amd64-cygwin\jdk8u144\9417\hotspot\src\share\vm\classfile\systemDictio
Event: 8.085 Thread 0x0000000004da5000 Exception <a 'java/lang/ClassNotFoundException': org/springframework/beans/factory/InitializingBeanCustomizer> (0x00000000d73a0428) thrown at [C:\re\workspace\8-2-build-windows-amd64-cygwin\jdk8u144\9417\hotspot\src\share\vm\classfile\systemDictionary.cpp

Events (10 events):
Event: 8.084 loading class org/springframework/jmx/export/naming/ObjectNamingStrategyCustomizer
Event: 8.084 loading class org/springframework/jmx/export/naming/ObjectNamingStrategyCustomizer done
Event: 8.084 loading class org/springframework/jmx/export/naming/ObjectNamingStrategyCustomizer
Event: 8.084 loading class org/springframework/jmx/export/naming/ObjectNamingStrategyCustomizer done
Event: 8.084 loading class org/springframework/beans/factory/InitializingBeanCustomizer
Event: 8.084 loading class org/springframework/beans/factory/InitializingBeanCustomizer done
Event: 8.085 loading class org/springframework/beans/factory/InitializingBeanCustomizer
Event: 8.085 loading class org/springframework/beans/factory/InitializingBeanCustomizer done
Event: 8.085 loading class org/springframework/beans/factory/InitializingBeanCustomizer
Event: 8.085 loading class org/springframework/beans/factory/InitializingBeanCustomizer done


Dynamic libraries:
0x00007ff6aeed0000 - 0x00007ff6aef07000 	C:\Program Files\Java\jdk1.8.0_144\bin\java.exe
0x00007ffd85370000 - 0x00007ffd85550000 	C:\WINDOWS\SYSTEM32\ntdll.dll
0x00007ffd82840000 - 0x00007ffd828ee000 	C:\WINDOWS\System32\KERNEL32.DLL
0x00007ffd81790000 - 0x00007ffd819f6000 	C:\WINDOWS\System32\KERNELBASE.dll
0x00007ffd84770000 - 0x00007ffd84811000 	C:\WINDOWS\System32\ADVAPI32.dll
0x00007ffd82c60000 - 0x00007ffd82cfd000 	C:\WINDOWS\System32\msvcrt.dll
0x00007ffd85240000 - 0x00007ffd8529b000 	C:\WINDOWS\System32\sechost.dll
0x00007ffd84f90000 - 0x00007ffd850af000 	C:\WINDOWS\System32\RPCRT4.dll
0x00007ffd850b0000 - 0x00007ffd8523f000 	C:\WINDOWS\System32\USER32.dll
0x00007ffd81770000 - 0x00007ffd81790000 	C:\WINDOWS\System32\win32u.dll
0x00007ffd843c0000 - 0x00007ffd843e8000 	C:\WINDOWS\System32\GDI32.dll
0x00007ffd824f0000 - 0x00007ffd82683000 	C:\WINDOWS\System32\gdi32full.dll
0x00007ffd81ae0000 - 0x00007ffd81b7b000 	C:\WINDOWS\System32\msvcp_win.dll
0x00007ffd82690000 - 0x00007ffd82786000 	C:\WINDOWS\System32\ucrtbase.dll
0x00007ffd701f0000 - 0x00007ffd70459000 	C:\WINDOWS\WinSxS\amd64_microsoft.windows.common-controls_6595b64144ccf1df_6.0.16299.309_none_15cfd4c4935e6b11\COMCTL32.dll
0x00007ffd828f0000 - 0x00007ffd82bf8000 	C:\WINDOWS\System32\combase.dll
0x00007ffd81a60000 - 0x00007ffd81ad2000 	C:\WINDOWS\System32\bcryptPrimitives.dll
0x00007ffd843f0000 - 0x00007ffd8441d000 	C:\WINDOWS\System32\IMM32.DLL
0x000000005b2a0000 - 0x000000005b372000 	C:\Program Files\Java\jdk1.8.0_144\jre\bin\msvcr100.dll
0x0000000058c30000 - 0x00000000594cd000 	C:\Program Files\Java\jdk1.8.0_144\jre\bin\server\jvm.dll
0x00007ffd848f0000 - 0x00007ffd848f8000 	C:\WINDOWS\System32\PSAPI.DLL
0x00007ffd724d0000 - 0x00007ffd724d9000 	C:\WINDOWS\SYSTEM32\WSOCK32.dll
0x00007ffd84350000 - 0x00007ffd843bc000 	C:\WINDOWS\System32\WS2_32.dll
0x00007ffd7f010000 - 0x00007ffd7f033000 	C:\WINDOWS\SYSTEM32\WINMM.dll
0x00007ffd729e0000 - 0x00007ffd729ea000 	C:\WINDOWS\SYSTEM32\VERSION.dll
0x00007ffd7efe0000 - 0x00007ffd7f00a000 	C:\WINDOWS\SYSTEM32\WINMMBASE.dll
0x00007ffd81d50000 - 0x00007ffd81d9a000 	C:\WINDOWS\System32\cfgmgr32.dll
0x000000005b290000 - 0x000000005b29f000 	C:\Program Files\Java\jdk1.8.0_144\jre\bin\verify.dll
0x000000005b260000 - 0x000000005b289000 	C:\Program Files\Java\jdk1.8.0_144\jre\bin\java.dll
0x000000005b230000 - 0x000000005b253000 	C:\Program Files\Java\jdk1.8.0_144\jre\bin\instrument.dll
0x000000005b210000 - 0x000000005b226000 	C:\Program Files\Java\jdk1.8.0_144\jre\bin\zip.dll
0x00007ffd82d00000 - 0x00007ffd84136000 	C:\WINDOWS\System32\SHELL32.dll
0x00007ffd846c0000 - 0x00007ffd84766000 	C:\WINDOWS\System32\shcore.dll
0x00007ffd81da0000 - 0x00007ffd824e7000 	C:\WINDOWS\System32\windows.storage.dll
0x00007ffd84140000 - 0x00007ffd84191000 	C:\WINDOWS\System32\shlwapi.dll
0x00007ffd81710000 - 0x00007ffd81721000 	C:\WINDOWS\System32\kernel.appcore.dll
0x00007ffd816c0000 - 0x00007ffd8170c000 	C:\WINDOWS\System32\powrprof.dll
0x00007ffd81750000 - 0x00007ffd8176b000 	C:\WINDOWS\System32\profapi.dll
0x00007ffd76520000 - 0x00007ffd7653a000 	C:\Program Files\JetBrains\IntelliJ IDEA 2017.3.1\bin\breakgen64.dll
0x000000005b1f0000 - 0x000000005b20a000 	C:\Program Files\Java\jdk1.8.0_144\jre\bin\net.dll
0x00007ffd80ef0000 - 0x00007ffd80f56000 	C:\WINDOWS\system32\mswsock.dll
0x000000005b1c0000 - 0x000000005b1cd000 	C:\Program Files\Java\jdk1.8.0_144\jre\bin\management.dll
0x00007ffd7cca0000 - 0x00007ffd7ccb6000 	C:\WINDOWS\system32\napinsp.dll
0x00007ffd7cd90000 - 0x00007ffd7cdaa000 	C:\WINDOWS\system32\pnrpnsp.dll
0x00007ffd80cc0000 - 0x00007ffd80d76000 	C:\WINDOWS\SYSTEM32\DNSAPI.dll
0x00007ffd845a0000 - 0x00007ffd845a8000 	C:\WINDOWS\System32\NSI.dll
0x00007ffd80c80000 - 0x00007ffd80cb9000 	C:\WINDOWS\SYSTEM32\IPHLPAPI.DLL
0x00007ffd7ce40000 - 0x00007ffd7ce4e000 	C:\WINDOWS\System32\winrnr.dll
0x00007ffd7da50000 - 0x00007ffd7da68000 	C:\WINDOWS\system32\NLAapi.dll
0x00007ffd7bbe0000 - 0x00007ffd7bbf5000 	C:\WINDOWS\System32\wshbth.dll
0x00007ffd753a0000 - 0x00007ffd753aa000 	C:\Windows\System32\rasadhlp.dll
0x00007ffd76f20000 - 0x00007ffd76f90000 	C:\WINDOWS\System32\fwpuclnt.dll
0x00007ffd811c0000 - 0x00007ffd811e5000 	C:\WINDOWS\SYSTEM32\bcrypt.dll
0x000000005b1d0000 - 0x000000005b1e1000 	C:\Program Files\Java\jdk1.8.0_144\jre\bin\nio.dll
0x00007ffd810b0000 - 0x00007ffd810c7000 	C:\WINDOWS\SYSTEM32\CRYPTSP.dll
0x00007ffd80af0000 - 0x00007ffd80b23000 	C:\WINDOWS\system32\rsaenh.dll
0x00007ffd815f0000 - 0x00007ffd81619000 	C:\WINDOWS\SYSTEM32\USERENV.dll
0x00007ffd810d0000 - 0x00007ffd810db000 	C:\WINDOWS\SYSTEM32\CRYPTBASE.dll
0x00007ffd77ad0000 - 0x00007ffd77ae6000 	C:\WINDOWS\SYSTEM32\dhcpcsvc6.DLL
0x00007ffd7a370000 - 0x00007ffd7a38a000 	C:\WINDOWS\SYSTEM32\dhcpcsvc.DLL

VM Arguments:
jvm_args: -javaagent:C:\Program Files\JetBrains\IntelliJ IDEA 2017.3.1\lib\idea_rt.jar=49289:C:\Program Files\JetBrains\IntelliJ IDEA 2017.3.1\bin -Dfile.encoding=UTF-8 
java_command: com.sda.webgame.SpringApplicationStarter
java_class_path (initial): C:\Program Files\Java\jdk1.8.0_144\jre\lib\charsets.jar;C:\Program Files\Java\jdk1.8.0_144\jre\lib\deploy.jar;C:\Program Files\Java\jdk1.8.0_144\jre\lib\ext\access-bridge-64.jar;C:\Program Files\Java\jdk1.8.0_144\jre\lib\ext\cldrdata.jar;C:\Program Files\Java\jdk1.8.0_144\jre\lib\ext\dnsns.jar;C:\Program Files\Java\jdk1.8.0_144\jre\lib\ext\jaccess.jar;C:\Program Files\Java\jdk1.8.0_144\jre\lib\ext\jfxrt.jar;C:\Program Files\Java\jdk1.8.0_144\jre\lib\ext\localedata.jar;C:\Program Files\Java\jdk1.8.0_144\jre\lib\ext\nashorn.jar;C:\Program Files\Java\jdk1.8.0_144\jre\lib\ext\sunec.jar;C:\Program Files\Java\jdk1.8.0_144\jre\lib\ext\sunjce_provider.jar;C:\Program Files\Java\jdk1.8.0_144\jre\lib\ext\sunmscapi.jar;C:\Program Files\Java\jdk1.8.0_144\jre\lib\ext\sunpkcs11.jar;C:\Program Files\Java\jdk1.8.0_144\jre\lib\ext\zipfs.jar;C:\Program Files\Java\jdk1.8.0_144\jre\lib\javaws.jar;C:\Program Files\Java\jdk1.8.0_144\jre\lib\jce.jar;C:\Program Files\Java\jdk1.8.0_144\jre\lib\jfr.jar;C:\Program Files\Java\jdk1.8.0_144\jre\lib\jfxswt.jar;C:\Program Files\Java\jdk1.8.0_144\jre\lib\jsse.jar;C:\Program Files\Java\jdk1.8.0_144\jre\lib\management-agent.jar;C:\Program Files\Java\jdk1.8.0_144\jre\lib\plugin.jar;C:\Program Files\Java\jdk1.8.0_144\jre\lib\resources.jar;C:\Program Files\Java\jdk1.8.0_144\jre\lib\rt.jar;C:\dev\workspace\javakurs\webgamebackend\target\classes;C:\Users\Michal\.m2\repository\org\springframework\spring-context\4.3.14.RELEASE\spring-context-4.3.14.RELEASE.jar;C:\Users\Michal\.m2\repository\org\springframework\spring-aop\4.3.14.RELEASE\spring-aop-4.3.14.RELEASE.jar;C:\Users\Michal\.m2\repository\org\springframework\spring-beans\4.3.14.RELEASE\spring-beans-4.3.14.RELEASE.jar;C:\Users\Michal\.m2\repository\org\springframework\spring-core\4.3.14.RELEASE\spring-core-4.3.14.RELEASE.jar;C:\Users\Michal\.m2\repository\org\springframework\spring-expression\4.3.14.RELEASE\spring-expression-4.3.14.RELEASE.jar;C:\Users\Michal\.m2\repository
Launcher Type: SUN_STANDARD

Environment Variables:
JAVA_HOME=C:\Program Files\Java\jdk1.8.0_144
PATH=C:\ProgramData\Oracle\Java\javapath;C:\WINDOWS\system32;C:\WINDOWS;C:\WINDOWS\System32\Wbem;C:\WINDOWS\System32\WindowsPowerShell\v1.0\;C:\Program Files\Java\jdk1.8.0_144\bin;C:\tools\apache-maven-3.5.0\bin;C:\Program Files\PostgreSQL\10\bin;C:\Program Files\PostgreSQL\10\lib;C:\Program Files\Git;C:\Program Files\PuTTY\;C:\Program Files\nodejs\;C:\Program Files\Git\bin\;C:\Users\Michal\AppData\Local\Microsoft\WindowsApps;C:\Users\Michal\AppData\Local\Microsoft\WindowsApps;C:\Users\Michal\AppData\Roaming\npm
USERNAME=Michal
OS=Windows_NT
PROCESSOR_IDENTIFIER=Intel64 Family 6 Model 142 Stepping 9, GenuineIntel



---------------  S Y S T E M  ---------------

OS: Windows 10.0 , 64 bit Build 16299 (10.0.16299.15)

CPU:total 4 (initial active 4) (2 cores per cpu, 2 threads per core) family 6 model 142 stepping 9, cmov, cx8, fxsr, mmx, sse, sse2, sse3, ssse3, sse4.1, sse4.2, popcnt, avx, avx2, aes, clmul, erms, 3dnowpref, lzcnt, ht, tsc, tscinvbit, bmi1, bmi2, adx

Memory: 4k page, physical 8273256k(752856k free), swap 8273256k(5308k free)

vm_info: Java HotSpot(TM) 64-Bit Server VM (25.144-b01) for windows-amd64 JRE (1.8.0_144-b01), built on Jul 21 2017 21:57:33 by "java_re" with MS VC++ 10.0 (VS2010)

time: Sat Mar 24 12:05:53 2018
elapsed time: 8 seconds (0d 0h 0m 8s)

