#
# There is insufficient memory for the Java Runtime Environment to continue.
# Native memory allocation (malloc) failed to allocate 1074992 bytes for Chunk::new
# Possible reasons:
#   The system is out of physical RAM or swap space
#   In 32 bit mode, the process size limit was hit
# Possible solutions:
#   Reduce memory load on the system
#   Increase physical memory or swap space
#   Check if swap backing store is full
#   Use 64 bit Java on a 64 bit OS
#   Decrease Java heap size (-Xmx/-Xms)
#   Decrease number of Java threads
#   Decrease Java thread stack sizes (-Xss)
#   Set larger code cache with -XX:ReservedCodeCacheSize=
# This output file may be truncated or incomplete.
#
#  Out of Memory Error (allocation.cpp:390), pid=7764, tid=0x0000000000000330
#
# JRE version: Java(TM) SE Runtime Environment (8.0_144-b01) (build 1.8.0_144-b01)
# Java VM: Java HotSpot(TM) 64-Bit Server VM (25.144-b01 mixed mode windows-amd64 compressed oops)
# Failed to write core dump. Minidumps are not enabled by default on client versions of Windows
#

---------------  T H R E A D  ---------------

Current thread (0x000000001aee4000):  JavaThread "C2 CompilerThread1" daemon [_thread_in_native, id=816, stack(0x000000001b2a0000,0x000000001b3a0000)]

Stack: [0x000000001b2a0000,0x000000001b3a0000]
[error occurred during error reporting (printing stack bounds), id 0xc0000005]

Native frames: (J=compiled Java code, j=interpreted, Vv=VM code, C=native code)


Current CompileTask:
C2:   4573 3156       4       com.sun.beans.TypeResolver::resolve (37 bytes)


---------------  P R O C E S S  ---------------

Java Threads: ( => current thread )
  0x000000001d603000 JavaThread "container-0" [_thread_blocked, id=7744, stack(0x0000000021680000,0x0000000021780000)]
  0x000000001d605000 JavaThread "ContainerBackgroundProcessor[StandardEngine[Tomcat]]" daemon [_thread_blocked, id=5192, stack(0x0000000021580000,0x0000000021680000)]
  0x000000001d604800 JavaThread "localhost-startStop-1" daemon [_thread_blocked, id=4772, stack(0x0000000021280000,0x0000000021380000)]
  0x000000001d602000 JavaThread "Tomcat-startStop-1" daemon [_thread_blocked, id=2004, stack(0x0000000021180000,0x0000000021280000)]
  0x000000001b02c800 JavaThread "Service Thread" daemon [_thread_blocked, id=3236, stack(0x000000001b4a0000,0x000000001b5a0000)]
  0x000000001968a800 JavaThread "C1 CompilerThread2" daemon [_thread_blocked, id=8728, stack(0x000000001b3a0000,0x000000001b4a0000)]
=>0x000000001aee4000 JavaThread "C2 CompilerThread1" daemon [_thread_in_native, id=816, stack(0x000000001b2a0000,0x000000001b3a0000)]
  0x000000001af56000 JavaThread "C2 CompilerThread0" daemon [_thread_in_native, id=1052, stack(0x000000001b1a0000,0x000000001b2a0000)]
  0x000000001aee3000 JavaThread "Monitor Ctrl-Break" daemon [_thread_in_native, id=9380, stack(0x000000001b0a0000,0x000000001b1a0000)]
  0x000000001963b800 JavaThread "Attach Listener" daemon [_thread_blocked, id=5836, stack(0x000000001aba0000,0x000000001aca0000)]
  0x000000001963a800 JavaThread "Signal Dispatcher" daemon [_thread_blocked, id=4476, stack(0x000000001aaa0000,0x000000001aba0000)]
  0x000000001961e000 JavaThread "Finalizer" daemon [_thread_blocked, id=2600, stack(0x000000001a8a0000,0x000000001a9a0000)]
  0x0000000004af5000 JavaThread "Reference Handler" daemon [_thread_blocked, id=5176, stack(0x000000001a7a0000,0x000000001a8a0000)]
  0x0000000004a04800 JavaThread "main" [_thread_in_vm, id=10884, stack(0x0000000004760000,0x0000000004860000)]

Other Threads:
  0x00000000195f6800 VMThread [stack: 0x000000001a6a0000,0x000000001a7a0000] [id=10316]
  0x000000001b07f800 WatcherThread [stack: 0x000000001b5a0000,0x000000001b6a0000] [id=5392]

VM state:not at safepoint (normal execution)

VM Mutex/Monitor currently owned by a thread: None

Heap:
 PSYoungGen      total 112128K, used 51101K [0x00000000d5f00000, 0x00000000dee80000, 0x0000000100000000)
  eden space 103936K, 41% used [0x00000000d5f00000,0x00000000d88e87b0,0x00000000dc480000)
  from space 8192K, 99% used [0x00000000dde80000,0x00000000de67efc8,0x00000000de680000)
  to   space 5632K, 0% used [0x00000000de900000,0x00000000de900000,0x00000000dee80000)
 ParOldGen       total 57344K, used 11745K [0x0000000081c00000, 0x0000000085400000, 0x00000000d5f00000)
  object space 57344K, 20% used [0x0000000081c00000,0x0000000082778790,0x0000000085400000)
 Metaspace       used 31867K, capacity 32170K, committed 32640K, reserved 1077248K
  class space    used 3998K, capacity 4098K, committed 4224K, reserved 1048576K

Card table byte_map: [0x0000000013ec0000,0x00000000142c0000] byte_map_base: 0x0000000013ab2000

Marking Bits: (ParMarkBitMap*) 0x000000006befd850
 Begin Bits: [0x0000000014970000, 0x0000000016900000)
 End Bits:   [0x0000000016900000, 0x0000000018890000)

Polling page: 0x0000000002860000

CodeCache: size=245760Kb used=12322Kb max_used=12332Kb free=233437Kb
 bounds [0x0000000004b00000, 0x0000000005720000, 0x0000000013b00000]
 total_blobs=3594 nmethods=3192 adapters=314
 compilation: enabled

Compilation events (10 events):
Event: 4.542 Thread 0x000000001968a800 3200       3       ch.qos.logback.classic.LoggerContext::incSize (11 bytes)
Event: 4.542 Thread 0x000000001968a800 nmethod 3200 0x0000000005708410 code [0x0000000005708560, 0x00000000057086b0]
Event: 4.548 Thread 0x000000001af56000 nmethod 3169 0x000000000570d350 code [0x000000000570d6e0, 0x000000000570f690]
Event: 4.549 Thread 0x000000001af56000 3198       4       sun.misc.ASCIICaseInsensitiveComparator::compare (126 bytes)
Event: 4.554 Thread 0x000000001af56000 nmethod 3198 0x0000000005709c50 code [0x0000000005709da0, 0x000000000570a138]
Event: 4.554 Thread 0x000000001af56000 3176       4       java.util.zip.ZipCoder::getBytes (192 bytes)
Event: 4.561 Thread 0x000000001af56000 nmethod 3176 0x000000000570ab50 code [0x000000000570ace0, 0x000000000570b258]
Event: 4.561 Thread 0x000000001af56000 3197       4       java.util.jar.JarFile::getEntry (22 bytes)
Event: 4.561 Thread 0x000000001968a800 3201   !   3       ch.qos.logback.classic.LoggerContext::getLogger (157 bytes)
Event: 4.562 Thread 0x000000001968a800 nmethod 3201 0x0000000005708950 code [0x0000000005708b60, 0x00000000057097b8]

GC Heap History (10 events):
Event: 2.228 GC heap before
{Heap before GC invocations=4 (full 0):
 PSYoungGen      total 38400K, used 38385K [0x00000000d5f00000, 0x00000000daa00000, 0x0000000100000000)
  eden space 33280K, 100% used [0x00000000d5f00000,0x00000000d7f80000,0x00000000d7f80000)
  from space 5120K, 99% used [0x00000000d7f80000,0x00000000d847c778,0x00000000d8480000)
  to   space 5120K, 0% used [0x00000000da500000,0x00000000da500000,0x00000000daa00000)
 ParOldGen       total 87552K, used 2946K [0x0000000081c00000, 0x0000000087180000, 0x00000000d5f00000)
  object space 87552K, 3% used [0x0000000081c00000,0x0000000081ee09b0,0x0000000087180000)
 Metaspace       used 20088K, capacity 20326K, committed 20480K, reserved 1067008K
  class space    used 2442K, capacity 2540K, committed 2560K, reserved 1048576K
Event: 2.241 GC heap after
Heap after GC invocations=4 (full 0):
 PSYoungGen      total 71680K, used 5104K [0x00000000d5f00000, 0x00000000daa00000, 0x0000000100000000)
  eden space 66560K, 0% used [0x00000000d5f00000,0x00000000d5f00000,0x00000000da000000)
  from space 5120K, 99% used [0x00000000da500000,0x00000000da9fc010,0x00000000daa00000)
  to   space 5120K, 0% used [0x00000000da000000,0x00000000da000000,0x00000000da500000)
 ParOldGen       total 87552K, used 5637K [0x0000000081c00000, 0x0000000087180000, 0x00000000d5f00000)
  object space 87552K, 6% used [0x0000000081c00000,0x0000000082181700,0x0000000087180000)
 Metaspace       used 20088K, capacity 20326K, committed 20480K, reserved 1067008K
  class space    used 2442K, capacity 2540K, committed 2560K, reserved 1048576K
}
Event: 2.409 GC heap before
{Heap before GC invocations=5 (full 0):
 PSYoungGen      total 71680K, used 18635K [0x00000000d5f00000, 0x00000000daa00000, 0x0000000100000000)
  eden space 66560K, 20% used [0x00000000d5f00000,0x00000000d6c36e00,0x00000000da000000)
  from space 5120K, 99% used [0x00000000da500000,0x00000000da9fc010,0x00000000daa00000)
  to   space 5120K, 0% used [0x00000000da000000,0x00000000da000000,0x00000000da500000)
 ParOldGen       total 87552K, used 5637K [0x0000000081c00000, 0x0000000087180000, 0x00000000d5f00000)
  object space 87552K, 6% used [0x0000000081c00000,0x0000000082181700,0x0000000087180000)
 Metaspace       used 20941K, capacity 21164K, committed 21296K, reserved 1069056K
  class space    used 2568K, capacity 2669K, committed 2688K, reserved 1048576K
Event: 2.417 GC heap after
Heap after GC invocations=5 (full 0):
 PSYoungGen      total 71680K, used 5107K [0x00000000d5f00000, 0x00000000df100000, 0x0000000100000000)
  eden space 66560K, 0% used [0x00000000d5f00000,0x00000000d5f00000,0x00000000da000000)
  from space 5120K, 99% used [0x00000000da000000,0x00000000da4fcde8,0x00000000da500000)
  to   space 8192K, 0% used [0x00000000de900000,0x00000000de900000,0x00000000df100000)
 ParOldGen       total 87552K, used 7018K [0x0000000081c00000, 0x0000000087180000, 0x00000000d5f00000)
  object space 87552K, 8% used [0x0000000081c00000,0x00000000822da9a8,0x0000000087180000)
 Metaspace       used 20941K, capacity 21164K, committed 21296K, reserved 1069056K
  class space    used 2568K, capacity 2669K, committed 2688K, reserved 1048576K
}
Event: 2.417 GC heap before
{Heap before GC invocations=6 (full 1):
 PSYoungGen      total 71680K, used 5107K [0x00000000d5f00000, 0x00000000df100000, 0x0000000100000000)
  eden space 66560K, 0% used [0x00000000d5f00000,0x00000000d5f00000,0x00000000da000000)
  from space 5120K, 99% used [0x00000000da000000,0x00000000da4fcde8,0x00000000da500000)
  to   space 8192K, 0% used [0x00000000de900000,0x00000000de900000,0x00000000df100000)
 ParOldGen       total 87552K, used 7018K [0x0000000081c00000, 0x0000000087180000, 0x00000000d5f00000)
  object space 87552K, 8% used [0x0000000081c00000,0x00000000822da9a8,0x0000000087180000)
 Metaspace       used 20941K, capacity 21164K, committed 21296K, reserved 1069056K
  class space    used 2568K, capacity 2669K, committed 2688K, reserved 1048576K
Event: 2.457 GC heap after
Heap after GC invocations=6 (full 1):
 PSYoungGen      total 71680K, used 0K [0x00000000d5f00000, 0x00000000df100000, 0x0000000100000000)
  eden space 66560K, 0% used [0x00000000d5f00000,0x00000000d5f00000,0x00000000da000000)
  from space 5120K, 0% used [0x00000000da000000,0x00000000da000000,0x00000000da500000)
  to   space 8192K, 0% used [0x00000000de900000,0x00000000de900000,0x00000000df100000)
 ParOldGen       total 57344K, used 7226K [0x0000000081c00000, 0x0000000085400000, 0x00000000d5f00000)
  object space 57344K, 12% used [0x0000000081c00000,0x000000008230e850,0x0000000085400000)
 Metaspace       used 20941K, capacity 21164K, committed 21296K, reserved 1069056K
  class space    used 2568K, capacity 2669K, committed 2688K, reserved 1048576K
}
Event: 3.275 GC heap before
{Heap before GC invocations=7 (full 1):
 PSYoungGen      total 71680K, used 66560K [0x00000000d5f00000, 0x00000000df100000, 0x0000000100000000)
  eden space 66560K, 100% used [0x00000000d5f00000,0x00000000da000000,0x00000000da000000)
  from space 5120K, 0% used [0x00000000da000000,0x00000000da000000,0x00000000da500000)
  to   space 8192K, 0% used [0x00000000de900000,0x00000000de900000,0x00000000df100000)
 ParOldGen       total 57344K, used 7226K [0x0000000081c00000, 0x0000000085400000, 0x00000000d5f00000)
  object space 57344K, 12% used [0x0000000081c00000,0x000000008230e850,0x0000000085400000)
 Metaspace       used 24985K, capacity 25292K, committed 25472K, reserved 1071104K
  class space    used 3100K, capacity 3197K, committed 3200K, reserved 1048576K
Event: 3.284 GC heap after
Heap after GC invocations=7 (full 1):
 PSYoungGen      total 109568K, used 5417K [0x00000000d5f00000, 0x00000000dee80000, 0x0000000100000000)
  eden space 103936K, 0% used [0x00000000d5f00000,0x00000000d5f00000,0x00000000dc480000)
  from space 5632K, 96% used [0x00000000de900000,0x00000000dee4a5c0,0x00000000dee80000)
  to   space 8192K, 0% used [0x00000000dde80000,0x00000000dde80000,0x00000000de680000)
 ParOldGen       total 57344K, used 7234K [0x0000000081c00000, 0x0000000085400000, 0x00000000d5f00000)
  object space 57344K, 12% used [0x0000000081c00000,0x0000000082310850,0x0000000085400000)
 Metaspace       used 24985K, capacity 25292K, committed 25472K, reserved 1071104K
  class space    used 3100K, capacity 3197K, committed 3200K, reserved 1048576K
}
Event: 4.117 GC heap before
{Heap before GC invocations=8 (full 1):
 PSYoungGen      total 109568K, used 109353K [0x00000000d5f00000, 0x00000000dee80000, 0x0000000100000000)
  eden space 103936K, 100% used [0x00000000d5f00000,0x00000000dc480000,0x00000000dc480000)
  from space 5632K, 96% used [0x00000000de900000,0x00000000dee4a5c0,0x00000000dee80000)
  to   space 8192K, 0% used [0x00000000dde80000,0x00000000dde80000,0x00000000de680000)
 ParOldGen       total 57344K, used 7234K [0x0000000081c00000, 0x0000000085400000, 0x00000000d5f00000)
  object space 57344K, 12% used [0x0000000081c00000,0x0000000082310850,0x0000000085400000)
 Metaspace       used 29052K, capacity 29330K, committed 29568K, reserved 1075200K
  class space    used 3607K, capacity 3710K, committed 3712K, reserved 1048576K
Event: 4.136 GC heap after
Heap after GC invocations=8 (full 1):
 PSYoungGen      total 112128K, used 8187K [0x00000000d5f00000, 0x00000000dee80000, 0x0000000100000000)
  eden space 103936K, 0% used [0x00000000d5f00000,0x00000000d5f00000,0x00000000dc480000)
  from space 8192K, 99% used [0x00000000dde80000,0x00000000de67efc8,0x00000000de680000)
  to   space 5632K, 0% used [0x00000000de900000,0x00000000de900000,0x00000000dee80000)
 ParOldGen       total 57344K, used 11745K [0x0000000081c00000, 0x0000000085400000, 0x00000000d5f00000)
  object space 57344K, 20% used [0x0000000081c00000,0x0000000082778790,0x0000000085400000)
 Metaspace       used 29052K, capacity 29330K, committed 29568K, reserved 1075200K
  class space    used 3607K, capacity 3710K, committed 3712K, reserved 1048576K
}

Deoptimization events (10 events):
Event: 4.001 Thread 0x0000000004a04800 Uncommon trap: reason=unstable_if action=reinterpret pc=0x0000000004eb7a70 method=java.util.regex.Pattern$CharProperty$1.isSatisfiedBy(I)Z @ 8
Event: 4.057 Thread 0x0000000004a04800 Uncommon trap: reason=unstable_if action=reinterpret pc=0x000000000557164c method=org.springframework.beans.factory.support.DefaultSingletonBeanRegistry.getSingleton(Ljava/lang/String;Z)Ljava/lang/Object; @ 47
Event: 4.068 Thread 0x0000000004a04800 Uncommon trap: reason=unstable_if action=reinterpret pc=0x00000000055e32b8 method=org.springframework.boot.bind.DefaultPropertyNamePatternsMatcher.matches(Ljava/lang/String;)Z @ 112
Event: 4.261 Thread 0x0000000004a04800 Uncommon trap: reason=unstable_if action=reinterpret pc=0x0000000004d98abc method=java.lang.CharacterDataLatin1.isWhitespace(I)Z @ 14
Event: 4.360 Thread 0x0000000004a04800 Uncommon trap: reason=unstable_if action=reinterpret pc=0x0000000004c4119c method=sun.nio.cs.UTF_8$Encoder.encode([CII[B)I @ 33
Event: 4.373 Thread 0x0000000004a04800 Uncommon trap: reason=unstable_if action=reinterpret pc=0x0000000004de4588 method=sun.nio.cs.UTF_8$Decoder.decode([BII[C)I @ 30
Event: 4.450 Thread 0x0000000004a04800 Uncommon trap: reason=unstable_if action=reinterpret pc=0x0000000004cd2008 method=java.util.zip.ZipCoder.getBytes(Ljava/lang/String;)[B @ 32
Event: 4.450 Thread 0x0000000004a04800 Uncommon trap: reason=unstable_if action=reinterpret pc=0x0000000004e40fc8 method=java.util.zip.ZipCoder.getBytes(Ljava/lang/String;)[B @ 32
Event: 4.450 Thread 0x0000000004a04800 Uncommon trap: reason=unstable_if action=reinterpret pc=0x00000000056a913c method=java.net.URL.<init>(Ljava/net/URL;Ljava/lang/String;Ljava/net/URLStreamHandler;)V @ 57
Event: 4.450 Thread 0x0000000004a04800 Uncommon trap: reason=unstable_if action=reinterpret pc=0x000000000558db30 method=java.net.URLStreamHandler.parseURL(Ljava/net/URL;Ljava/lang/String;II)V @ 57

Internal exceptions (10 events):
Event: 4.434 Thread 0x0000000004a04800 Exception <a 'java/lang/ClassNotFoundException': org/springframework/context/weaving/LoadTimeWeaverAwareCustomizer> (0x00000000d7bac068) thrown at [C:\re\workspace\8-2-build-windows-amd64-cygwin\jdk8u144\9417\hotspot\src\share\vm\classfile\systemDictionar
Event: 4.434 Thread 0x0000000004a04800 Exception <a 'java/lang/ClassNotFoundException': org/springframework/beans/factory/FactoryBeanCustomizer> (0x00000000d7bbe948) thrown at [C:\re\workspace\8-2-build-windows-amd64-cygwin\jdk8u144\9417\hotspot\src\share\vm\classfile\systemDictionary.cpp, lin
Event: 4.435 Thread 0x0000000004a04800 Exception <a 'java/lang/ClassNotFoundException': org/springframework/beans/factory/BeanClassLoaderAwareCustomizer> (0x00000000d7bd5e38) thrown at [C:\re\workspace\8-2-build-windows-amd64-cygwin\jdk8u144\9417\hotspot\src\share\vm\classfile\systemDictionary
Event: 4.435 Thread 0x0000000004a04800 Exception <a 'java/lang/ClassNotFoundException': org/springframework/beans/factory/BeanFactoryAwareCustomizer> (0x00000000d7be9768) thrown at [C:\re\workspace\8-2-build-windows-amd64-cygwin\jdk8u144\9417\hotspot\src\share\vm\classfile\systemDictionary.cpp
Event: 4.436 Thread 0x0000000004a04800 Exception <a 'java/lang/ClassNotFoundException': org/springframework/beans/factory/BeanNameAwareCustomizer> (0x00000000d7bfc890) thrown at [C:\re\workspace\8-2-build-windows-amd64-cygwin\jdk8u144\9417\hotspot\src\share\vm\classfile\systemDictionary.cpp, l
Event: 4.436 Thread 0x0000000004a04800 Exception <a 'java/lang/ClassNotFoundException': org/springframework/beans/factory/InitializingBeanCustomizer> (0x00000000d7c10060) thrown at [C:\re\workspace\8-2-build-windows-amd64-cygwin\jdk8u144\9417\hotspot\src\share\vm\classfile\systemDictionary.cpp
Event: 4.437 Thread 0x0000000004a04800 Exception <a 'java/lang/ClassNotFoundException': org/springframework/beans/factory/DisposableBeanCustomizer> (0x00000000d7c22380) thrown at [C:\re\workspace\8-2-build-windows-amd64-cygwin\jdk8u144\9417\hotspot\src\share\vm\classfile\systemDictionary.cpp, 
Event: 4.437 Thread 0x0000000004a04800 Exception <a 'java/lang/ClassNotFoundException': org/springframework/orm/jpa/EntityManagerFactoryInfoCustomizer> (0x00000000d7c35880) thrown at [C:\re\workspace\8-2-build-windows-amd64-cygwin\jdk8u144\9417\hotspot\src\share\vm\classfile\systemDictionary.c
Event: 4.438 Thread 0x0000000004a04800 Exception <a 'java/lang/ClassNotFoundException': org/springframework/dao/support/PersistenceExceptionTranslatorCustomizer> (0x00000000d7c54508) thrown at [C:\re\workspace\8-2-build-windows-amd64-cygwin\jdk8u144\9417\hotspot\src\share\vm\classfile\systemDi
Event: 4.438 Thread 0x0000000004a04800 Exception <a 'java/lang/ClassNotFoundException': java/io/SerializableCustomizer> (0x00000000d7c5b4b0) thrown at [C:\re\workspace\8-2-build-windows-amd64-cygwin\jdk8u144\9417\hotspot\src\share\vm\classfile\systemDictionary.cpp, line 210]

Events (10 events):
Event: 4.564 loading class org/hibernate/internal/CoreMessageLogger_$logger_pl_PL
Event: 4.564 loading class org/hibernate/internal/CoreMessageLogger_$logger_pl_PL done
Event: 4.564 loading class org/hibernate/internal/CoreMessageLogger_$logger_pl
Event: 4.564 loading class org/hibernate/internal/CoreMessageLogger_$logger_pl done
Event: 4.565 loading class org/hibernate/service/internal/SessionFactoryServiceRegistryFactoryInitiator
Event: 4.565 loading class org/hibernate/service/internal/SessionFactoryServiceRegistryFactoryInitiator done
Event: 4.565 loading class org/hibernate/cache/internal/RegionFactoryInitiator
Event: 4.565 loading class org/hibernate/cache/internal/RegionFactoryInitiator done
Event: 4.566 loading class org/hibernate/cache/spi/RegionFactory
Event: 4.566 loading class org/hibernate/cache/spi/RegionFactory done


Dynamic libraries:
0x00007ff746b60000 - 0x00007ff746b97000 	C:\Program Files\Java\jdk1.8.0_144\bin\java.exe
0x00007ff998310000 - 0x00007ff9984f0000 	C:\WINDOWS\SYSTEM32\ntdll.dll
0x00007ff9964e0000 - 0x00007ff99658e000 	C:\WINDOWS\System32\KERNEL32.DLL
0x00007ff995550000 - 0x00007ff9957b6000 	C:\WINDOWS\System32\KERNELBASE.dll
0x00007ff9963d0000 - 0x00007ff996471000 	C:\WINDOWS\System32\ADVAPI32.dll
0x00007ff997ca0000 - 0x00007ff997d3d000 	C:\WINDOWS\System32\msvcrt.dll
0x00007ff995a90000 - 0x00007ff995aeb000 	C:\WINDOWS\System32\sechost.dll
0x00007ff997eb0000 - 0x00007ff997fcf000 	C:\WINDOWS\System32\RPCRT4.dll
0x00007ff995de0000 - 0x00007ff995f6f000 	C:\WINDOWS\System32\USER32.dll
0x00007ff9957c0000 - 0x00007ff9957e0000 	C:\WINDOWS\System32\win32u.dll
0x00007ff997d40000 - 0x00007ff997d68000 	C:\WINDOWS\System32\GDI32.dll
0x00007ff994e60000 - 0x00007ff994ff3000 	C:\WINDOWS\System32\gdi32full.dll
0x00007ff995080000 - 0x00007ff99511b000 	C:\WINDOWS\System32\msvcp_win.dll
0x00007ff995170000 - 0x00007ff995266000 	C:\WINDOWS\System32\ucrtbase.dll
0x00007ff986690000 - 0x00007ff9868f9000 	C:\WINDOWS\WinSxS\amd64_microsoft.windows.common-controls_6595b64144ccf1df_6.0.16299.309_none_15cfd4c4935e6b11\COMCTL32.dll
0x00007ff997fd0000 - 0x00007ff9982d8000 	C:\WINDOWS\System32\combase.dll
0x00007ff995000000 - 0x00007ff995072000 	C:\WINDOWS\System32\bcryptPrimitives.dll
0x00007ff997e70000 - 0x00007ff997e9d000 	C:\WINDOWS\System32\IMM32.DLL
0x000000006ccd0000 - 0x000000006cda2000 	C:\Program Files\Java\jdk1.8.0_144\jre\bin\msvcr100.dll
0x000000006b6e0000 - 0x000000006bf7d000 	C:\Program Files\Java\jdk1.8.0_144\jre\bin\server\jvm.dll
0x00007ff997ea0000 - 0x00007ff997ea8000 	C:\WINDOWS\System32\PSAPI.DLL
0x00007ff9900e0000 - 0x00007ff9900e9000 	C:\WINDOWS\SYSTEM32\WSOCK32.dll
0x00007ff989510000 - 0x00007ff989533000 	C:\WINDOWS\SYSTEM32\WINMM.dll
0x00007ff997b40000 - 0x00007ff997bac000 	C:\WINDOWS\System32\WS2_32.dll
0x00007ff98aa60000 - 0x00007ff98aa6a000 	C:\WINDOWS\SYSTEM32\VERSION.dll
0x00007ff9894e0000 - 0x00007ff98950a000 	C:\WINDOWS\SYSTEM32\WINMMBASE.dll
0x00007ff995120000 - 0x00007ff99516a000 	C:\WINDOWS\System32\cfgmgr32.dll
0x000000006ccc0000 - 0x000000006cccf000 	C:\Program Files\Java\jdk1.8.0_144\jre\bin\verify.dll
0x000000006cc90000 - 0x000000006ccb9000 	C:\Program Files\Java\jdk1.8.0_144\jre\bin\java.dll
0x000000006cc60000 - 0x000000006cc83000 	C:\Program Files\Java\jdk1.8.0_144\jre\bin\instrument.dll
0x000000006cc40000 - 0x000000006cc56000 	C:\Program Files\Java\jdk1.8.0_144\jre\bin\zip.dll
0x00007ff996590000 - 0x00007ff9979c6000 	C:\WINDOWS\System32\SHELL32.dll
0x00007ff9957f0000 - 0x00007ff995896000 	C:\WINDOWS\System32\shcore.dll
0x00007ff994710000 - 0x00007ff994e57000 	C:\WINDOWS\System32\windows.storage.dll
0x00007ff996480000 - 0x00007ff9964d1000 	C:\WINDOWS\System32\shlwapi.dll
0x00007ff9946f0000 - 0x00007ff994701000 	C:\WINDOWS\System32\kernel.appcore.dll
0x00007ff994680000 - 0x00007ff9946cc000 	C:\WINDOWS\System32\powrprof.dll
0x00007ff994660000 - 0x00007ff99467b000 	C:\WINDOWS\System32\profapi.dll
0x00007ff987ab0000 - 0x00007ff987aca000 	C:\Program Files\JetBrains\IntelliJ IDEA 2017.3.1\bin\breakgen64.dll
0x000000006cc20000 - 0x000000006cc3a000 	C:\Program Files\Java\jdk1.8.0_144\jre\bin\net.dll
0x00007ff993e90000 - 0x00007ff993ef6000 	C:\WINDOWS\system32\mswsock.dll
0x000000006cbf0000 - 0x000000006cbfd000 	C:\Program Files\Java\jdk1.8.0_144\jre\bin\management.dll
0x00007ff98d020000 - 0x00007ff98d036000 	C:\WINDOWS\system32\napinsp.dll
0x00007ff98d330000 - 0x00007ff98d34a000 	C:\WINDOWS\system32\pnrpnsp.dll
0x00007ff993c60000 - 0x00007ff993d16000 	C:\WINDOWS\SYSTEM32\DNSAPI.dll
0x00007ff995f70000 - 0x00007ff995f78000 	C:\WINDOWS\System32\NSI.dll
0x00007ff993c20000 - 0x00007ff993c59000 	C:\WINDOWS\SYSTEM32\IPHLPAPI.DLL
0x00007ff98d930000 - 0x00007ff98d93e000 	C:\WINDOWS\System32\winrnr.dll
0x00007ff98fab0000 - 0x00007ff98fac8000 	C:\WINDOWS\system32\NLAapi.dll
0x00007ff98f070000 - 0x00007ff98f085000 	C:\WINDOWS\System32\wshbth.dll
0x00007ff98c3b0000 - 0x00007ff98c3ba000 	C:\Windows\System32\rasadhlp.dll
0x00007ff98c420000 - 0x00007ff98c490000 	C:\WINDOWS\System32\fwpuclnt.dll
0x00007ff994160000 - 0x00007ff994185000 	C:\WINDOWS\SYSTEM32\bcrypt.dll
0x000000006cc00000 - 0x000000006cc11000 	C:\Program Files\Java\jdk1.8.0_144\jre\bin\nio.dll
0x00007ff994050000 - 0x00007ff994067000 	C:\WINDOWS\SYSTEM32\CRYPTSP.dll
0x00007ff993a90000 - 0x00007ff993ac3000 	C:\WINDOWS\system32\rsaenh.dll
0x00007ff994560000 - 0x00007ff994589000 	C:\WINDOWS\SYSTEM32\USERENV.dll
0x00007ff994070000 - 0x00007ff99407b000 	C:\WINDOWS\SYSTEM32\CRYPTBASE.dll
0x00007ff98dc60000 - 0x00007ff98dc76000 	C:\WINDOWS\SYSTEM32\dhcpcsvc6.DLL
0x00007ff98e0d0000 - 0x00007ff98e0ea000 	C:\WINDOWS\SYSTEM32\dhcpcsvc.DLL

VM Arguments:
jvm_args: -javaagent:C:\Program Files\JetBrains\IntelliJ IDEA 2017.3.1\lib\idea_rt.jar=63895:C:\Program Files\JetBrains\IntelliJ IDEA 2017.3.1\bin -Dfile.encoding=UTF-8 
java_command: com.sda.webgame.SpringApplicationStarter
java_class_path (initial): C:\Program Files\Java\jdk1.8.0_144\jre\lib\charsets.jar;C:\Program Files\Java\jdk1.8.0_144\jre\lib\deploy.jar;C:\Program Files\Java\jdk1.8.0_144\jre\lib\ext\access-bridge-64.jar;C:\Program Files\Java\jdk1.8.0_144\jre\lib\ext\cldrdata.jar;C:\Program Files\Java\jdk1.8.0_144\jre\lib\ext\dnsns.jar;C:\Program Files\Java\jdk1.8.0_144\jre\lib\ext\jaccess.jar;C:\Program Files\Java\jdk1.8.0_144\jre\lib\ext\jfxrt.jar;C:\Program Files\Java\jdk1.8.0_144\jre\lib\ext\localedata.jar;C:\Program Files\Java\jdk1.8.0_144\jre\lib\ext\nashorn.jar;C:\Program Files\Java\jdk1.8.0_144\jre\lib\ext\sunec.jar;C:\Program Files\Java\jdk1.8.0_144\jre\lib\ext\sunjce_provider.jar;C:\Program Files\Java\jdk1.8.0_144\jre\lib\ext\sunmscapi.jar;C:\Program Files\Java\jdk1.8.0_144\jre\lib\ext\sunpkcs11.jar;C:\Program Files\Java\jdk1.8.0_144\jre\lib\ext\zipfs.jar;C:\Program Files\Java\jdk1.8.0_144\jre\lib\javaws.jar;C:\Program Files\Java\jdk1.8.0_144\jre\lib\jce.jar;C:\Program Files\Java\jdk1.8.0_144\jre\lib\jfr.jar;C:\Program Files\Java\jdk1.8.0_144\jre\lib\jfxswt.jar;C:\Program Files\Java\jdk1.8.0_144\jre\lib\jsse.jar;C:\Program Files\Java\jdk1.8.0_144\jre\lib\management-agent.jar;C:\Program Files\Java\jdk1.8.0_144\jre\lib\plugin.jar;C:\Program Files\Java\jdk1.8.0_144\jre\lib\resources.jar;C:\Program Files\Java\jdk1.8.0_144\jre\lib\rt.jar;C:\dev\workspace\javakurs\webgamebackend\target\classes;C:\Users\Michal\.m2\repository\org\springframework\spring-context\4.3.14.RELEASE\spring-context-4.3.14.RELEASE.jar;C:\Users\Michal\.m2\repository\org\springframework\spring-aop\4.3.14.RELEASE\spring-aop-4.3.14.RELEASE.jar;C:\Users\Michal\.m2\repository\org\springframework\spring-beans\4.3.14.RELEASE\spring-beans-4.3.14.RELEASE.jar;C:\Users\Michal\.m2\repository\org\springframework\spring-core\4.3.14.RELEASE\spring-core-4.3.14.RELEASE.jar;C:\Users\Michal\.m2\repository\org\springframework\spring-expression\4.3.14.RELEASE\spring-expression-4.3.14.RELEASE.jar;C:\Users\Michal\.m2\repository
Launcher Type: SUN_STANDARD

Environment Variables:
JAVA_HOME=C:\Program Files\Java\jdk1.8.0_144
PATH=C:\ProgramData\Oracle\Java\javapath;C:\WINDOWS\system32;C:\WINDOWS;C:\WINDOWS\System32\Wbem;C:\WINDOWS\System32\WindowsPowerShell\v1.0\;C:\Program Files\Java\jdk1.8.0_144\bin;C:\tools\apache-maven-3.5.0\bin;C:\Program Files\PostgreSQL\10\bin;C:\Program Files\PostgreSQL\10\lib;C:\Program Files\Git;C:\Program Files\PuTTY\;C:\Users\Michal\AppData\Local\Microsoft\WindowsApps;%USERPROFILE%\AppData\Local\Microsoft\WindowsApps;
USERNAME=Michal
OS=Windows_NT
PROCESSOR_IDENTIFIER=Intel64 Family 6 Model 142 Stepping 9, GenuineIntel



---------------  S Y S T E M  ---------------

OS: Windows 10.0 , 64 bit Build 16299 (10.0.16299.15)

CPU:total 4 (initial active 4) (2 cores per cpu, 2 threads per core) family 6 model 142 stepping 9, cmov, cx8, fxsr, mmx, sse, sse2, sse3, ssse3, sse4.1, sse4.2, popcnt, avx, avx2, aes, clmul, erms, 3dnowpref, lzcnt, ht, tsc, tscinvbit, bmi1, bmi2, adx

Memory: 4k page, physical 8273256k(1168904k free), swap 8273256k(5668k free)

vm_info: Java HotSpot(TM) 64-Bit Server VM (25.144-b01) for windows-amd64 JRE (1.8.0_144-b01), built on Jul 21 2017 21:57:33 by "java_re" with MS VC++ 10.0 (VS2010)

time: Sat Mar 17 14:21:53 2018
elapsed time: 4 seconds (0d 0h 0m 4s)

